{
	"Disk-Information":{
		"ATA-Version":"ATA8-ACS T13/1699-D revision 6",
		"Device-Model":"HGST HTS721010A9E630",
		"Firmware Version":"JB0OA3J0",
		"Form-Factor":"2.5 inches",
		"LU-WWN-Device-Id":"5 000cca 7dce9c867",
		"Local-Time":"Wed Oct 11 18:11:12 2017 UTC",
		"Model-Family":"HGST Travelstar 7K1000",
		"Recognized-by-Smartctl":"Yes",
		"Rotation-Rate":"7200 rpm",
		"SATA-Version":"SATA 3.0, 6.0 Gb/s (current: 6.0 Gb/s)",
		"SMART-Enabled":"Yes",
		"SMART-Status":"PASSED",
		"SMART-Support":"Available",
		"Sector-Size":"512 bytes logical, 4096 bytes physical",
		"Serial-Number":"JR10006P2YXDLF",
		"User-Capacity":"1,000,204,886,016 bytes [1.00 TB]"
	},
	"Attributes":[
		{
			"Failed":"N/A",
			"Id":"197",
			"Name":"Current_Pending_Sector",
			"Threshold":"000",
			"Type":"Old_age",
			"Updated":"Always",
			"Value":"100",
			"Worst":"100",
		},
		{
			"Failed":"N/A",
			"Id":"191",
			"Name":"G-Sense_Error_Rate",
			"Threshold":"000",
			"Type":"Old_age",
			"Updated":"Always",
			"Value":"100",
			"Worst":"100",
		},
		{
			"Failed":"N/A",
			"Id":"193",
			"Name":"Load_Cycle_Count",
			"Threshold":"000",
			"Type":"Old_age",
			"Updated":"Always",
			"Value":"100",
			"Worst":"100",
		},
		{
			"Failed":"N/A",
			"Id":"223",
			"Name":"Load_Retry_Count",
			"Threshold":"000",
			"Type":"Old_age",
			"Updated":"Always",
			"Value":"100",
			"Worst":"100",
		},
		{
			"Failed":"N/A",
			"Id":"198",
			"Name":"Offline_Uncorrectable",
			"Threshold":"000",
			"Type":"Old_age",
			"Updated":"Offline",
			"Value":"100",
			"Worst":"100",
		},
		{
			"Failed":"N/A",
			"Id":"192",
			"Name":"Power-Off_Retract_Count",
			"Threshold":"000",
			"Type":"Old_age",
			"Updated":"Always",
			"Value":"100",
			"Worst":"100",
		},
		{
			"Failed":"N/A",
			"Id":" 12",
			"Name":"Power_Cycle_Count",
			"Threshold":"000",
			"Type":"Old_age",
			"Updated":"Always",
			"Value":"100",
			"Worst":"100",
		},
		{
			"Failed":"N/A",
			"Id":"  9",
			"Name":"Power_On_Hours",
			"Threshold":"000",
			"Type":"Old_age",
			"Updated":"Always",
			"Value":"088",
			"Worst":"088",
		},
		{
			"Failed":"N/A",
			"Id":"  1",
			"Name":"Raw_Read_Error_Rate",
			"Threshold":"062",
			"Type":"Pre-fail",
			"Updated":"Always",
			"Value":"100",
			"Worst":"100",
		},
		{
			"Failed":"N/A",
			"Id":"196",
			"Name":"Reallocated_Event_Count",
			"Threshold":"000",
			"Type":"Old_age",
			"Updated":"Always",
			"Value":"100",
			"Worst":"100",
		},
		{
			"Failed":"N/A",
			"Id":"  5",
			"Name":"Reallocated_Sector_Ct",
			"Threshold":"005",
			"Type":"Pre-fail",
			"Updated":"Always",
			"Value":"100",
			"Worst":"100",
		},
		{
			"Failed":"N/A",
			"Id":"  7",
			"Name":"Seek_Error_Rate",
			"Threshold":"067",
			"Type":"Pre-fail",
			"Updated":"Always",
			"Value":"100",
			"Worst":"100",
		},
		{
			"Failed":"N/A",
			"Id":"  8",
			"Name":"Seek_Time_Performance",
			"Threshold":"040",
			"Type":"Pre-fail",
			"Updated":"Offline",
			"Value":"100",
			"Worst":"100",
		},
		{
			"Failed":"N/A",
			"Id":" 10",
			"Name":"Spin_Retry_Count",
			"Threshold":"060",
			"Type":"Pre-fail",
			"Updated":"Always",
			"Value":"100",
			"Worst":"100",
		},
		{
			"Failed":"N/A",
			"Id":"  3",
			"Name":"Spin_Up_Time",
			"Threshold":"033",
			"Type":"Pre-fail",
			"Updated":"Always",
			"Value":"127",
			"Worst":"127",
		},
		{
			"Failed":"N/A",
			"Id":"  4",
			"Name":"Start_Stop_Count",
			"Threshold":"000",
			"Type":"Old_age",
			"Updated":"Always",
			"Value":"100",
			"Worst":"100",
		},
		{
			"Failed":"N/A",
			"Id":"194",
			"Name":"Temperature_Celsius",
			"Threshold":"000",
			"Type":"Old_age",
			"Updated":"Always",
			"Value":"166",
			"Worst":"166",
		},
		{
			"Failed":"N/A",
			"Id":"  2",
			"Name":"Throughput_Performance",
			"Threshold":"040",
			"Type":"Pre-fail",
			"Updated":"Offline",
			"Value":"100",
			"Worst":"100",
		},
		{
			"Failed":"N/A",
			"Id":"199",
			"Name":"UDMA_CRC_Error_Count",
			"Threshold":"000",
			"Type":"Old_age",
			"Updated":"Always",
			"Value":"200",
			"Worst":"200",
		}
	]
}
