This file contains any messages produced by compilers while
running configure, to aid debugging if configure makes a mistake.

It was created by smartmontools configure 6.6, which was
generated by GNU Autoconf 2.69.  Invocation command line was

  $ ./configure 

## --------- ##
## Platform. ##
## --------- ##

hostname = ubuntu
uname -m = x86_64
uname -r = 4.4.0-87-generic
uname -s = Linux
uname -v = #110-Ubuntu SMP Tue Jul 18 12:55:35 UTC 2017

/usr/bin/uname -p = unknown
/bin/uname -X     = unknown

/bin/arch              = unknown
/usr/bin/arch -k       = unknown
/usr/convex/getsysinfo = unknown
/usr/bin/hostinfo      = unknown
/bin/machine           = unknown
/usr/bin/oslevel       = unknown
/bin/universe          = unknown

PATH: /home/lousanna/bin
PATH: /home/lousanna/.local/bin
PATH: /usr/local/sbin
PATH: /usr/local/bin
PATH: /usr/sbin
PATH: /usr/bin
PATH: /sbin
PATH: /bin
PATH: /usr/games
PATH: /usr/local/games
PATH: /snap/bin


## ----------- ##
## Core tests. ##
## ----------- ##

configure:2492: checking for a BSD-compatible install
configure:2560: result: /usr/bin/install -c
configure:2571: checking whether build environment is sane
configure:2626: result: yes
configure:2777: checking for a thread-safe mkdir -p
configure:2816: result: /bin/mkdir -p
configure:2823: checking for gawk
configure:2839: found /usr/bin/gawk
configure:2850: result: gawk
configure:2861: checking whether make sets $(MAKE)
configure:2883: result: yes
configure:2912: checking whether make supports nested variables
configure:2929: result: yes
configure:3091: checking whether to enable maintainer-specific portions of Makefiles
configure:3100: result: no
configure:3178: checking for g++
configure:3194: found /usr/bin/g++
configure:3205: result: g++
configure:3232: checking for C++ compiler version
configure:3241: g++ --version >&5
g++ (Ubuntu 5.4.0-6ubuntu1~16.04.5) 5.4.0 20160609
Copyright (C) 2015 Free Software Foundation, Inc.
This is free software; see the source for copying conditions.  There is NO
warranty; not even for MERCHANTABILITY or FITNESS FOR A PARTICULAR PURPOSE.

configure:3252: $? = 0
configure:3241: g++ -v >&5
Using built-in specs.
COLLECT_GCC=g++
COLLECT_LTO_WRAPPER=/usr/lib/gcc/x86_64-linux-gnu/5/lto-wrapper
Target: x86_64-linux-gnu
Configured with: ../src/configure -v --with-pkgversion='Ubuntu 5.4.0-6ubuntu1~16.04.5' --with-bugurl=file:///usr/share/doc/gcc-5/README.Bugs --enable-languages=c,ada,c++,java,go,d,fortran,objc,obj-c++ --prefix=/usr --program-suffix=-5 --enable-shared --enable-linker-build-id --libexecdir=/usr/lib --without-included-gettext --enable-threads=posix --libdir=/usr/lib --enable-nls --with-sysroot=/ --enable-clocale=gnu --enable-libstdcxx-debug --enable-libstdcxx-time=yes --with-default-libstdcxx-abi=new --enable-gnu-unique-object --disable-vtable-verify --enable-libmpx --enable-plugin --with-system-zlib --disable-browser-plugin --enable-java-awt=gtk --enable-gtk-cairo --with-java-home=/usr/lib/jvm/java-1.5.0-gcj-5-amd64/jre --enable-java-home --with-jvm-root-dir=/usr/lib/jvm/java-1.5.0-gcj-5-amd64 --with-jvm-jar-dir=/usr/lib/jvm-exports/java-1.5.0-gcj-5-amd64 --with-arch-directory=amd64 --with-ecj-jar=/usr/share/java/eclipse-ecj.jar --enable-objc-gc --enable-multiarch --disable-werror --with-arch-32=i686 --with-abi=m64 --with-multilib-list=m32,m64,mx32 --enable-multilib --with-tune=generic --enable-checking=release --build=x86_64-linux-gnu --host=x86_64-linux-gnu --target=x86_64-linux-gnu
Thread model: posix
gcc version 5.4.0 20160609 (Ubuntu 5.4.0-6ubuntu1~16.04.5) 
configure:3252: $? = 0
configure:3241: g++ -V >&5
g++: error: unrecognized command line option '-V'
g++: fatal error: no input files
compilation terminated.
configure:3252: $? = 1
configure:3241: g++ -qversion >&5
g++: error: unrecognized command line option '-qversion'
g++: fatal error: no input files
compilation terminated.
configure:3252: $? = 1
configure:3272: checking whether the C++ compiler works
configure:3294: g++    conftest.cpp  >&5
configure:3298: $? = 0
configure:3346: result: yes
configure:3349: checking for C++ compiler default output file name
configure:3351: result: a.out
configure:3357: checking for suffix of executables
configure:3364: g++ -o conftest    conftest.cpp  >&5
configure:3368: $? = 0
configure:3390: result: 
configure:3412: checking whether we are cross compiling
configure:3420: g++ -o conftest    conftest.cpp  >&5
configure:3424: $? = 0
configure:3431: ./conftest
configure:3435: $? = 0
configure:3450: result: no
configure:3455: checking for suffix of object files
configure:3477: g++ -c   conftest.cpp >&5
configure:3481: $? = 0
configure:3502: result: o
configure:3506: checking whether we are using the GNU C++ compiler
configure:3525: g++ -c   conftest.cpp >&5
configure:3525: $? = 0
configure:3534: result: yes
configure:3543: checking whether g++ accepts -g
configure:3563: g++ -c -g  conftest.cpp >&5
configure:3563: $? = 0
configure:3604: result: yes
configure:3638: checking for style of include used by make
configure:3666: result: GNU
configure:3692: checking dependency style of g++
configure:3803: result: gcc3
configure:3866: checking for gcc
configure:3882: found /usr/bin/gcc
configure:3893: result: gcc
configure:4122: checking for C compiler version
configure:4131: gcc --version >&5
gcc (Ubuntu 5.4.0-6ubuntu1~16.04.5) 5.4.0 20160609
Copyright (C) 2015 Free Software Foundation, Inc.
This is free software; see the source for copying conditions.  There is NO
warranty; not even for MERCHANTABILITY or FITNESS FOR A PARTICULAR PURPOSE.

configure:4142: $? = 0
configure:4131: gcc -v >&5
Using built-in specs.
COLLECT_GCC=gcc
COLLECT_LTO_WRAPPER=/usr/lib/gcc/x86_64-linux-gnu/5/lto-wrapper
Target: x86_64-linux-gnu
Configured with: ../src/configure -v --with-pkgversion='Ubuntu 5.4.0-6ubuntu1~16.04.5' --with-bugurl=file:///usr/share/doc/gcc-5/README.Bugs --enable-languages=c,ada,c++,java,go,d,fortran,objc,obj-c++ --prefix=/usr --program-suffix=-5 --enable-shared --enable-linker-build-id --libexecdir=/usr/lib --without-included-gettext --enable-threads=posix --libdir=/usr/lib --enable-nls --with-sysroot=/ --enable-clocale=gnu --enable-libstdcxx-debug --enable-libstdcxx-time=yes --with-default-libstdcxx-abi=new --enable-gnu-unique-object --disable-vtable-verify --enable-libmpx --enable-plugin --with-system-zlib --disable-browser-plugin --enable-java-awt=gtk --enable-gtk-cairo --with-java-home=/usr/lib/jvm/java-1.5.0-gcj-5-amd64/jre --enable-java-home --with-jvm-root-dir=/usr/lib/jvm/java-1.5.0-gcj-5-amd64 --with-jvm-jar-dir=/usr/lib/jvm-exports/java-1.5.0-gcj-5-amd64 --with-arch-directory=amd64 --with-ecj-jar=/usr/share/java/eclipse-ecj.jar --enable-objc-gc --enable-multiarch --disable-werror --with-arch-32=i686 --with-abi=m64 --with-multilib-list=m32,m64,mx32 --enable-multilib --with-tune=generic --enable-checking=release --build=x86_64-linux-gnu --host=x86_64-linux-gnu --target=x86_64-linux-gnu
Thread model: posix
gcc version 5.4.0 20160609 (Ubuntu 5.4.0-6ubuntu1~16.04.5) 
configure:4142: $? = 0
configure:4131: gcc -V >&5
gcc: error: unrecognized command line option '-V'
gcc: fatal error: no input files
compilation terminated.
configure:4142: $? = 1
configure:4131: gcc -qversion >&5
gcc: error: unrecognized command line option '-qversion'
gcc: fatal error: no input files
compilation terminated.
configure:4142: $? = 1
configure:4146: checking whether we are using the GNU C compiler
configure:4165: gcc -c   conftest.c >&5
configure:4165: $? = 0
configure:4174: result: yes
configure:4183: checking whether gcc accepts -g
configure:4203: gcc -c -g  conftest.c >&5
configure:4203: $? = 0
configure:4244: result: yes
configure:4261: checking for gcc option to accept ISO C89
configure:4324: gcc  -c -g -O2  conftest.c >&5
configure:4324: $? = 0
configure:4337: result: none needed
configure:4362: checking whether gcc understands -c and -o together
configure:4384: gcc -c conftest.c -o conftest2.o
configure:4387: $? = 0
configure:4384: gcc -c conftest.c -o conftest2.o
configure:4387: $? = 0
configure:4399: result: yes
configure:4418: checking dependency style of gcc
configure:4529: result: gcc3
configure:4553: checking dependency style of gcc
configure:4662: result: gcc3
configure:4735: checking for pkg-config
configure:4753: found /usr/bin/pkg-config
configure:4765: result: /usr/bin/pkg-config
configure:4790: checking pkg-config is at least version 0.9.0
configure:4793: result: yes
configure:4811: checking build system type
configure:4825: result: x86_64-pc-linux-gnu
configure:4845: checking host system type
configure:4858: result: x86_64-pc-linux-gnu
configure:5080: checking whether this is a build from SVN
configure:5106: result: yes
configure:5119: checking how to run the C++ preprocessor
configure:5146: g++ -E  conftest.cpp
configure:5146: $? = 0
configure:5160: g++ -E  conftest.cpp
conftest.cpp:16:28: fatal error: ac_nonexistent.h: No such file or directory
compilation terminated.
configure:5160: $? = 1
configure: failed program was:
| /* confdefs.h */
| #define PACKAGE_NAME "smartmontools"
| #define PACKAGE_TARNAME "smartmontools"
| #define PACKAGE_VERSION "6.6"
| #define PACKAGE_STRING "smartmontools 6.6"
| #define PACKAGE_BUGREPORT "smartmontools-support@listi.jpberlin.de"
| #define PACKAGE_URL ""
| #define PACKAGE "smartmontools"
| #define VERSION "6.6"
| #define SMARTMONTOOLS_CONFIGURE_ARGS ""
| #define SMARTMONTOOLS_RELEASE_DATE "2016-05-07"
| #define SMARTMONTOOLS_RELEASE_TIME "11:17:46 UTC"
| #define CONFIG_H_CVSID "$Id: configure.ac 4549 2017-10-10 19:09:54Z chrfranke $"
| #define PACKAGE_HOMEPAGE "http://www.smartmontools.org/"
| /* end confdefs.h.  */
| #include <ac_nonexistent.h>
configure:5185: result: g++ -E
configure:5205: g++ -E  conftest.cpp
configure:5205: $? = 0
configure:5219: g++ -E  conftest.cpp
conftest.cpp:16:28: fatal error: ac_nonexistent.h: No such file or directory
compilation terminated.
configure:5219: $? = 1
configure: failed program was:
| /* confdefs.h */
| #define PACKAGE_NAME "smartmontools"
| #define PACKAGE_TARNAME "smartmontools"
| #define PACKAGE_VERSION "6.6"
| #define PACKAGE_STRING "smartmontools 6.6"
| #define PACKAGE_BUGREPORT "smartmontools-support@listi.jpberlin.de"
| #define PACKAGE_URL ""
| #define PACKAGE "smartmontools"
| #define VERSION "6.6"
| #define SMARTMONTOOLS_CONFIGURE_ARGS ""
| #define SMARTMONTOOLS_RELEASE_DATE "2016-05-07"
| #define SMARTMONTOOLS_RELEASE_TIME "11:17:46 UTC"
| #define CONFIG_H_CVSID "$Id: configure.ac 4549 2017-10-10 19:09:54Z chrfranke $"
| #define PACKAGE_HOMEPAGE "http://www.smartmontools.org/"
| /* end confdefs.h.  */
| #include <ac_nonexistent.h>
configure:5248: checking for grep that handles long lines and -e
configure:5306: result: /bin/grep
configure:5311: checking for egrep
configure:5373: result: /bin/grep -E
configure:5378: checking for ANSI C header files
configure:5398: g++ -c -g -O2  conftest.cpp >&5
configure:5398: $? = 0
configure:5471: g++ -o conftest -g -O2   conftest.cpp  >&5
configure:5471: $? = 0
configure:5471: ./conftest
configure:5471: $? = 0
configure:5482: result: yes
configure:5495: checking for sys/types.h
configure:5495: g++ -c -g -O2  conftest.cpp >&5
configure:5495: $? = 0
configure:5495: result: yes
configure:5495: checking for sys/stat.h
configure:5495: g++ -c -g -O2  conftest.cpp >&5
configure:5495: $? = 0
configure:5495: result: yes
configure:5495: checking for stdlib.h
configure:5495: g++ -c -g -O2  conftest.cpp >&5
configure:5495: $? = 0
configure:5495: result: yes
configure:5495: checking for string.h
configure:5495: g++ -c -g -O2  conftest.cpp >&5
configure:5495: $? = 0
configure:5495: result: yes
configure:5495: checking for memory.h
configure:5495: g++ -c -g -O2  conftest.cpp >&5
configure:5495: $? = 0
configure:5495: result: yes
configure:5495: checking for strings.h
configure:5495: g++ -c -g -O2  conftest.cpp >&5
configure:5495: $? = 0
configure:5495: result: yes
configure:5495: checking for inttypes.h
configure:5495: g++ -c -g -O2  conftest.cpp >&5
configure:5495: $? = 0
configure:5495: result: yes
configure:5495: checking for stdint.h
configure:5495: g++ -c -g -O2  conftest.cpp >&5
configure:5495: $? = 0
configure:5495: result: yes
configure:5495: checking for unistd.h
configure:5495: g++ -c -g -O2  conftest.cpp >&5
configure:5495: $? = 0
configure:5495: result: yes
configure:5509: checking locale.h usability
configure:5509: g++ -c -g -O2  conftest.cpp >&5
configure:5509: $? = 0
configure:5509: result: yes
configure:5509: checking locale.h presence
configure:5509: g++ -E  conftest.cpp
configure:5509: $? = 0
configure:5509: result: yes
configure:5509: checking for locale.h
configure:5509: result: yes
configure:5521: checking dev/ata/atavar.h usability
configure:5521: g++ -c -g -O2  conftest.cpp >&5
conftest.cpp:60:28: fatal error: dev/ata/atavar.h: No such file or directory
compilation terminated.
configure:5521: $? = 1
configure: failed program was:
| /* confdefs.h */
| #define PACKAGE_NAME "smartmontools"
| #define PACKAGE_TARNAME "smartmontools"
| #define PACKAGE_VERSION "6.6"
| #define PACKAGE_STRING "smartmontools 6.6"
| #define PACKAGE_BUGREPORT "smartmontools-support@listi.jpberlin.de"
| #define PACKAGE_URL ""
| #define PACKAGE "smartmontools"
| #define VERSION "6.6"
| #define SMARTMONTOOLS_CONFIGURE_ARGS ""
| #define SMARTMONTOOLS_RELEASE_DATE "2016-05-07"
| #define SMARTMONTOOLS_RELEASE_TIME "11:17:46 UTC"
| #define CONFIG_H_CVSID "$Id: configure.ac 4549 2017-10-10 19:09:54Z chrfranke $"
| #define PACKAGE_HOMEPAGE "http://www.smartmontools.org/"
| #define STDC_HEADERS 1
| #define HAVE_SYS_TYPES_H 1
| #define HAVE_SYS_STAT_H 1
| #define HAVE_STDLIB_H 1
| #define HAVE_STRING_H 1
| #define HAVE_MEMORY_H 1
| #define HAVE_STRINGS_H 1
| #define HAVE_INTTYPES_H 1
| #define HAVE_STDINT_H 1
| #define HAVE_UNISTD_H 1
| #define HAVE_LOCALE_H 1
| /* end confdefs.h.  */
| #include <stdio.h>
| #ifdef HAVE_SYS_TYPES_H
| # include <sys/types.h>
| #endif
| #ifdef HAVE_SYS_STAT_H
| # include <sys/stat.h>
| #endif
| #ifdef STDC_HEADERS
| # include <stdlib.h>
| # include <stddef.h>
| #else
| # ifdef HAVE_STDLIB_H
| #  include <stdlib.h>
| # endif
| #endif
| #ifdef HAVE_STRING_H
| # if !defined STDC_HEADERS && defined HAVE_MEMORY_H
| #  include <memory.h>
| # endif
| # include <string.h>
| #endif
| #ifdef HAVE_STRINGS_H
| # include <strings.h>
| #endif
| #ifdef HAVE_INTTYPES_H
| # include <inttypes.h>
| #endif
| #ifdef HAVE_STDINT_H
| # include <stdint.h>
| #endif
| #ifdef HAVE_UNISTD_H
| # include <unistd.h>
| #endif
| #include <dev/ata/atavar.h>
configure:5521: result: no
configure:5521: checking dev/ata/atavar.h presence
configure:5521: g++ -E  conftest.cpp
conftest.cpp:27:28: fatal error: dev/ata/atavar.h: No such file or directory
compilation terminated.
configure:5521: $? = 1
configure: failed program was:
| /* confdefs.h */
| #define PACKAGE_NAME "smartmontools"
| #define PACKAGE_TARNAME "smartmontools"
| #define PACKAGE_VERSION "6.6"
| #define PACKAGE_STRING "smartmontools 6.6"
| #define PACKAGE_BUGREPORT "smartmontools-support@listi.jpberlin.de"
| #define PACKAGE_URL ""
| #define PACKAGE "smartmontools"
| #define VERSION "6.6"
| #define SMARTMONTOOLS_CONFIGURE_ARGS ""
| #define SMARTMONTOOLS_RELEASE_DATE "2016-05-07"
| #define SMARTMONTOOLS_RELEASE_TIME "11:17:46 UTC"
| #define CONFIG_H_CVSID "$Id: configure.ac 4549 2017-10-10 19:09:54Z chrfranke $"
| #define PACKAGE_HOMEPAGE "http://www.smartmontools.org/"
| #define STDC_HEADERS 1
| #define HAVE_SYS_TYPES_H 1
| #define HAVE_SYS_STAT_H 1
| #define HAVE_STDLIB_H 1
| #define HAVE_STRING_H 1
| #define HAVE_MEMORY_H 1
| #define HAVE_STRINGS_H 1
| #define HAVE_INTTYPES_H 1
| #define HAVE_STDINT_H 1
| #define HAVE_UNISTD_H 1
| #define HAVE_LOCALE_H 1
| /* end confdefs.h.  */
| #include <dev/ata/atavar.h>
configure:5521: result: no
configure:5521: checking for dev/ata/atavar.h
configure:5521: result: no
configure:5533: checking for inttypes.h
configure:5533: result: yes
configure:5544: checking for stdint.h
configure:5544: result: yes
configure:5555: checking sys/inttypes.h usability
configure:5555: g++ -c -g -O2  conftest.cpp >&5
conftest.cpp:62:26: fatal error: sys/inttypes.h: No such file or directory
compilation terminated.
configure:5555: $? = 1
configure: failed program was:
| /* confdefs.h */
| #define PACKAGE_NAME "smartmontools"
| #define PACKAGE_TARNAME "smartmontools"
| #define PACKAGE_VERSION "6.6"
| #define PACKAGE_STRING "smartmontools 6.6"
| #define PACKAGE_BUGREPORT "smartmontools-support@listi.jpberlin.de"
| #define PACKAGE_URL ""
| #define PACKAGE "smartmontools"
| #define VERSION "6.6"
| #define SMARTMONTOOLS_CONFIGURE_ARGS ""
| #define SMARTMONTOOLS_RELEASE_DATE "2016-05-07"
| #define SMARTMONTOOLS_RELEASE_TIME "11:17:46 UTC"
| #define CONFIG_H_CVSID "$Id: configure.ac 4549 2017-10-10 19:09:54Z chrfranke $"
| #define PACKAGE_HOMEPAGE "http://www.smartmontools.org/"
| #define STDC_HEADERS 1
| #define HAVE_SYS_TYPES_H 1
| #define HAVE_SYS_STAT_H 1
| #define HAVE_STDLIB_H 1
| #define HAVE_STRING_H 1
| #define HAVE_MEMORY_H 1
| #define HAVE_STRINGS_H 1
| #define HAVE_INTTYPES_H 1
| #define HAVE_STDINT_H 1
| #define HAVE_UNISTD_H 1
| #define HAVE_LOCALE_H 1
| #define HAVE_INTTYPES_H 1
| #define HAVE_STDINT_H 1
| /* end confdefs.h.  */
| #include <stdio.h>
| #ifdef HAVE_SYS_TYPES_H
| # include <sys/types.h>
| #endif
| #ifdef HAVE_SYS_STAT_H
| # include <sys/stat.h>
| #endif
| #ifdef STDC_HEADERS
| # include <stdlib.h>
| # include <stddef.h>
| #else
| # ifdef HAVE_STDLIB_H
| #  include <stdlib.h>
| # endif
| #endif
| #ifdef HAVE_STRING_H
| # if !defined STDC_HEADERS && defined HAVE_MEMORY_H
| #  include <memory.h>
| # endif
| # include <string.h>
| #endif
| #ifdef HAVE_STRINGS_H
| # include <strings.h>
| #endif
| #ifdef HAVE_INTTYPES_H
| # include <inttypes.h>
| #endif
| #ifdef HAVE_STDINT_H
| # include <stdint.h>
| #endif
| #ifdef HAVE_UNISTD_H
| # include <unistd.h>
| #endif
| #include <sys/inttypes.h>
configure:5555: result: no
configure:5555: checking sys/inttypes.h presence
configure:5555: g++ -E  conftest.cpp
conftest.cpp:29:26: fatal error: sys/inttypes.h: No such file or directory
compilation terminated.
configure:5555: $? = 1
configure: failed program was:
| /* confdefs.h */
| #define PACKAGE_NAME "smartmontools"
| #define PACKAGE_TARNAME "smartmontools"
| #define PACKAGE_VERSION "6.6"
| #define PACKAGE_STRING "smartmontools 6.6"
| #define PACKAGE_BUGREPORT "smartmontools-support@listi.jpberlin.de"
| #define PACKAGE_URL ""
| #define PACKAGE "smartmontools"
| #define VERSION "6.6"
| #define SMARTMONTOOLS_CONFIGURE_ARGS ""
| #define SMARTMONTOOLS_RELEASE_DATE "2016-05-07"
| #define SMARTMONTOOLS_RELEASE_TIME "11:17:46 UTC"
| #define CONFIG_H_CVSID "$Id: configure.ac 4549 2017-10-10 19:09:54Z chrfranke $"
| #define PACKAGE_HOMEPAGE "http://www.smartmontools.org/"
| #define STDC_HEADERS 1
| #define HAVE_SYS_TYPES_H 1
| #define HAVE_SYS_STAT_H 1
| #define HAVE_STDLIB_H 1
| #define HAVE_STRING_H 1
| #define HAVE_MEMORY_H 1
| #define HAVE_STRINGS_H 1
| #define HAVE_INTTYPES_H 1
| #define HAVE_STDINT_H 1
| #define HAVE_UNISTD_H 1
| #define HAVE_LOCALE_H 1
| #define HAVE_INTTYPES_H 1
| #define HAVE_STDINT_H 1
| /* end confdefs.h.  */
| #include <sys/inttypes.h>
configure:5555: result: no
configure:5555: checking for sys/inttypes.h
configure:5555: result: no
configure:5566: checking sys/int_types.h usability
configure:5566: g++ -c -g -O2  conftest.cpp >&5
conftest.cpp:62:27: fatal error: sys/int_types.h: No such file or directory
compilation terminated.
configure:5566: $? = 1
configure: failed program was:
| /* confdefs.h */
| #define PACKAGE_NAME "smartmontools"
| #define PACKAGE_TARNAME "smartmontools"
| #define PACKAGE_VERSION "6.6"
| #define PACKAGE_STRING "smartmontools 6.6"
| #define PACKAGE_BUGREPORT "smartmontools-support@listi.jpberlin.de"
| #define PACKAGE_URL ""
| #define PACKAGE "smartmontools"
| #define VERSION "6.6"
| #define SMARTMONTOOLS_CONFIGURE_ARGS ""
| #define SMARTMONTOOLS_RELEASE_DATE "2016-05-07"
| #define SMARTMONTOOLS_RELEASE_TIME "11:17:46 UTC"
| #define CONFIG_H_CVSID "$Id: configure.ac 4549 2017-10-10 19:09:54Z chrfranke $"
| #define PACKAGE_HOMEPAGE "http://www.smartmontools.org/"
| #define STDC_HEADERS 1
| #define HAVE_SYS_TYPES_H 1
| #define HAVE_SYS_STAT_H 1
| #define HAVE_STDLIB_H 1
| #define HAVE_STRING_H 1
| #define HAVE_MEMORY_H 1
| #define HAVE_STRINGS_H 1
| #define HAVE_INTTYPES_H 1
| #define HAVE_STDINT_H 1
| #define HAVE_UNISTD_H 1
| #define HAVE_LOCALE_H 1
| #define HAVE_INTTYPES_H 1
| #define HAVE_STDINT_H 1
| /* end confdefs.h.  */
| #include <stdio.h>
| #ifdef HAVE_SYS_TYPES_H
| # include <sys/types.h>
| #endif
| #ifdef HAVE_SYS_STAT_H
| # include <sys/stat.h>
| #endif
| #ifdef STDC_HEADERS
| # include <stdlib.h>
| # include <stddef.h>
| #else
| # ifdef HAVE_STDLIB_H
| #  include <stdlib.h>
| # endif
| #endif
| #ifdef HAVE_STRING_H
| # if !defined STDC_HEADERS && defined HAVE_MEMORY_H
| #  include <memory.h>
| # endif
| # include <string.h>
| #endif
| #ifdef HAVE_STRINGS_H
| # include <strings.h>
| #endif
| #ifdef HAVE_INTTYPES_H
| # include <inttypes.h>
| #endif
| #ifdef HAVE_STDINT_H
| # include <stdint.h>
| #endif
| #ifdef HAVE_UNISTD_H
| # include <unistd.h>
| #endif
| #include <sys/int_types.h>
configure:5566: result: no
configure:5566: checking sys/int_types.h presence
configure:5566: g++ -E  conftest.cpp
conftest.cpp:29:27: fatal error: sys/int_types.h: No such file or directory
compilation terminated.
configure:5566: $? = 1
configure: failed program was:
| /* confdefs.h */
| #define PACKAGE_NAME "smartmontools"
| #define PACKAGE_TARNAME "smartmontools"
| #define PACKAGE_VERSION "6.6"
| #define PACKAGE_STRING "smartmontools 6.6"
| #define PACKAGE_BUGREPORT "smartmontools-support@listi.jpberlin.de"
| #define PACKAGE_URL ""
| #define PACKAGE "smartmontools"
| #define VERSION "6.6"
| #define SMARTMONTOOLS_CONFIGURE_ARGS ""
| #define SMARTMONTOOLS_RELEASE_DATE "2016-05-07"
| #define SMARTMONTOOLS_RELEASE_TIME "11:17:46 UTC"
| #define CONFIG_H_CVSID "$Id: configure.ac 4549 2017-10-10 19:09:54Z chrfranke $"
| #define PACKAGE_HOMEPAGE "http://www.smartmontools.org/"
| #define STDC_HEADERS 1
| #define HAVE_SYS_TYPES_H 1
| #define HAVE_SYS_STAT_H 1
| #define HAVE_STDLIB_H 1
| #define HAVE_STRING_H 1
| #define HAVE_MEMORY_H 1
| #define HAVE_STRINGS_H 1
| #define HAVE_INTTYPES_H 1
| #define HAVE_STDINT_H 1
| #define HAVE_UNISTD_H 1
| #define HAVE_LOCALE_H 1
| #define HAVE_INTTYPES_H 1
| #define HAVE_STDINT_H 1
| /* end confdefs.h.  */
| #include <sys/int_types.h>
configure:5566: result: no
configure:5566: checking for sys/int_types.h
configure:5566: result: no
configure:5577: checking sys/tweio.h usability
configure:5577: g++ -c -g -O2  conftest.cpp >&5
conftest.cpp:62:23: fatal error: sys/tweio.h: No such file or directory
compilation terminated.
configure:5577: $? = 1
configure: failed program was:
| /* confdefs.h */
| #define PACKAGE_NAME "smartmontools"
| #define PACKAGE_TARNAME "smartmontools"
| #define PACKAGE_VERSION "6.6"
| #define PACKAGE_STRING "smartmontools 6.6"
| #define PACKAGE_BUGREPORT "smartmontools-support@listi.jpberlin.de"
| #define PACKAGE_URL ""
| #define PACKAGE "smartmontools"
| #define VERSION "6.6"
| #define SMARTMONTOOLS_CONFIGURE_ARGS ""
| #define SMARTMONTOOLS_RELEASE_DATE "2016-05-07"
| #define SMARTMONTOOLS_RELEASE_TIME "11:17:46 UTC"
| #define CONFIG_H_CVSID "$Id: configure.ac 4549 2017-10-10 19:09:54Z chrfranke $"
| #define PACKAGE_HOMEPAGE "http://www.smartmontools.org/"
| #define STDC_HEADERS 1
| #define HAVE_SYS_TYPES_H 1
| #define HAVE_SYS_STAT_H 1
| #define HAVE_STDLIB_H 1
| #define HAVE_STRING_H 1
| #define HAVE_MEMORY_H 1
| #define HAVE_STRINGS_H 1
| #define HAVE_INTTYPES_H 1
| #define HAVE_STDINT_H 1
| #define HAVE_UNISTD_H 1
| #define HAVE_LOCALE_H 1
| #define HAVE_INTTYPES_H 1
| #define HAVE_STDINT_H 1
| /* end confdefs.h.  */
| #include <stdio.h>
| #ifdef HAVE_SYS_TYPES_H
| # include <sys/types.h>
| #endif
| #ifdef HAVE_SYS_STAT_H
| # include <sys/stat.h>
| #endif
| #ifdef STDC_HEADERS
| # include <stdlib.h>
| # include <stddef.h>
| #else
| # ifdef HAVE_STDLIB_H
| #  include <stdlib.h>
| # endif
| #endif
| #ifdef HAVE_STRING_H
| # if !defined STDC_HEADERS && defined HAVE_MEMORY_H
| #  include <memory.h>
| # endif
| # include <string.h>
| #endif
| #ifdef HAVE_STRINGS_H
| # include <strings.h>
| #endif
| #ifdef HAVE_INTTYPES_H
| # include <inttypes.h>
| #endif
| #ifdef HAVE_STDINT_H
| # include <stdint.h>
| #endif
| #ifdef HAVE_UNISTD_H
| # include <unistd.h>
| #endif
| #include <sys/tweio.h>
configure:5577: result: no
configure:5577: checking sys/tweio.h presence
configure:5577: g++ -E  conftest.cpp
conftest.cpp:29:23: fatal error: sys/tweio.h: No such file or directory
compilation terminated.
configure:5577: $? = 1
configure: failed program was:
| /* confdefs.h */
| #define PACKAGE_NAME "smartmontools"
| #define PACKAGE_TARNAME "smartmontools"
| #define PACKAGE_VERSION "6.6"
| #define PACKAGE_STRING "smartmontools 6.6"
| #define PACKAGE_BUGREPORT "smartmontools-support@listi.jpberlin.de"
| #define PACKAGE_URL ""
| #define PACKAGE "smartmontools"
| #define VERSION "6.6"
| #define SMARTMONTOOLS_CONFIGURE_ARGS ""
| #define SMARTMONTOOLS_RELEASE_DATE "2016-05-07"
| #define SMARTMONTOOLS_RELEASE_TIME "11:17:46 UTC"
| #define CONFIG_H_CVSID "$Id: configure.ac 4549 2017-10-10 19:09:54Z chrfranke $"
| #define PACKAGE_HOMEPAGE "http://www.smartmontools.org/"
| #define STDC_HEADERS 1
| #define HAVE_SYS_TYPES_H 1
| #define HAVE_SYS_STAT_H 1
| #define HAVE_STDLIB_H 1
| #define HAVE_STRING_H 1
| #define HAVE_MEMORY_H 1
| #define HAVE_STRINGS_H 1
| #define HAVE_INTTYPES_H 1
| #define HAVE_STDINT_H 1
| #define HAVE_UNISTD_H 1
| #define HAVE_LOCALE_H 1
| #define HAVE_INTTYPES_H 1
| #define HAVE_STDINT_H 1
| /* end confdefs.h.  */
| #include <sys/tweio.h>
configure:5577: result: no
configure:5577: checking for sys/tweio.h
configure:5577: result: no
configure:5589: checking sys/twereg.h usability
configure:5589: g++ -c -g -O2  conftest.cpp >&5
conftest.cpp:62:24: fatal error: sys/twereg.h: No such file or directory
compilation terminated.
configure:5589: $? = 1
configure: failed program was:
| /* confdefs.h */
| #define PACKAGE_NAME "smartmontools"
| #define PACKAGE_TARNAME "smartmontools"
| #define PACKAGE_VERSION "6.6"
| #define PACKAGE_STRING "smartmontools 6.6"
| #define PACKAGE_BUGREPORT "smartmontools-support@listi.jpberlin.de"
| #define PACKAGE_URL ""
| #define PACKAGE "smartmontools"
| #define VERSION "6.6"
| #define SMARTMONTOOLS_CONFIGURE_ARGS ""
| #define SMARTMONTOOLS_RELEASE_DATE "2016-05-07"
| #define SMARTMONTOOLS_RELEASE_TIME "11:17:46 UTC"
| #define CONFIG_H_CVSID "$Id: configure.ac 4549 2017-10-10 19:09:54Z chrfranke $"
| #define PACKAGE_HOMEPAGE "http://www.smartmontools.org/"
| #define STDC_HEADERS 1
| #define HAVE_SYS_TYPES_H 1
| #define HAVE_SYS_STAT_H 1
| #define HAVE_STDLIB_H 1
| #define HAVE_STRING_H 1
| #define HAVE_MEMORY_H 1
| #define HAVE_STRINGS_H 1
| #define HAVE_INTTYPES_H 1
| #define HAVE_STDINT_H 1
| #define HAVE_UNISTD_H 1
| #define HAVE_LOCALE_H 1
| #define HAVE_INTTYPES_H 1
| #define HAVE_STDINT_H 1
| /* end confdefs.h.  */
| #include <stdio.h>
| #ifdef HAVE_SYS_TYPES_H
| # include <sys/types.h>
| #endif
| #ifdef HAVE_SYS_STAT_H
| # include <sys/stat.h>
| #endif
| #ifdef STDC_HEADERS
| # include <stdlib.h>
| # include <stddef.h>
| #else
| # ifdef HAVE_STDLIB_H
| #  include <stdlib.h>
| # endif
| #endif
| #ifdef HAVE_STRING_H
| # if !defined STDC_HEADERS && defined HAVE_MEMORY_H
| #  include <memory.h>
| # endif
| # include <string.h>
| #endif
| #ifdef HAVE_STRINGS_H
| # include <strings.h>
| #endif
| #ifdef HAVE_INTTYPES_H
| # include <inttypes.h>
| #endif
| #ifdef HAVE_STDINT_H
| # include <stdint.h>
| #endif
| #ifdef HAVE_UNISTD_H
| # include <unistd.h>
| #endif
| #include <sys/twereg.h>
configure:5589: result: no
configure:5589: checking sys/twereg.h presence
configure:5589: g++ -E  conftest.cpp
conftest.cpp:29:24: fatal error: sys/twereg.h: No such file or directory
compilation terminated.
configure:5589: $? = 1
configure: failed program was:
| /* confdefs.h */
| #define PACKAGE_NAME "smartmontools"
| #define PACKAGE_TARNAME "smartmontools"
| #define PACKAGE_VERSION "6.6"
| #define PACKAGE_STRING "smartmontools 6.6"
| #define PACKAGE_BUGREPORT "smartmontools-support@listi.jpberlin.de"
| #define PACKAGE_URL ""
| #define PACKAGE "smartmontools"
| #define VERSION "6.6"
| #define SMARTMONTOOLS_CONFIGURE_ARGS ""
| #define SMARTMONTOOLS_RELEASE_DATE "2016-05-07"
| #define SMARTMONTOOLS_RELEASE_TIME "11:17:46 UTC"
| #define CONFIG_H_CVSID "$Id: configure.ac 4549 2017-10-10 19:09:54Z chrfranke $"
| #define PACKAGE_HOMEPAGE "http://www.smartmontools.org/"
| #define STDC_HEADERS 1
| #define HAVE_SYS_TYPES_H 1
| #define HAVE_SYS_STAT_H 1
| #define HAVE_STDLIB_H 1
| #define HAVE_STRING_H 1
| #define HAVE_MEMORY_H 1
| #define HAVE_STRINGS_H 1
| #define HAVE_INTTYPES_H 1
| #define HAVE_STDINT_H 1
| #define HAVE_UNISTD_H 1
| #define HAVE_LOCALE_H 1
| #define HAVE_INTTYPES_H 1
| #define HAVE_STDINT_H 1
| /* end confdefs.h.  */
| #include <sys/twereg.h>
configure:5589: result: no
configure:5589: checking for sys/twereg.h
configure:5589: result: no
configure:5601: checking sys/tw_osl_ioctl.h usability
configure:5601: g++ -c -g -O2  conftest.cpp >&5
conftest.cpp:62:30: fatal error: sys/tw_osl_ioctl.h: No such file or directory
compilation terminated.
configure:5601: $? = 1
configure: failed program was:
| /* confdefs.h */
| #define PACKAGE_NAME "smartmontools"
| #define PACKAGE_TARNAME "smartmontools"
| #define PACKAGE_VERSION "6.6"
| #define PACKAGE_STRING "smartmontools 6.6"
| #define PACKAGE_BUGREPORT "smartmontools-support@listi.jpberlin.de"
| #define PACKAGE_URL ""
| #define PACKAGE "smartmontools"
| #define VERSION "6.6"
| #define SMARTMONTOOLS_CONFIGURE_ARGS ""
| #define SMARTMONTOOLS_RELEASE_DATE "2016-05-07"
| #define SMARTMONTOOLS_RELEASE_TIME "11:17:46 UTC"
| #define CONFIG_H_CVSID "$Id: configure.ac 4549 2017-10-10 19:09:54Z chrfranke $"
| #define PACKAGE_HOMEPAGE "http://www.smartmontools.org/"
| #define STDC_HEADERS 1
| #define HAVE_SYS_TYPES_H 1
| #define HAVE_SYS_STAT_H 1
| #define HAVE_STDLIB_H 1
| #define HAVE_STRING_H 1
| #define HAVE_MEMORY_H 1
| #define HAVE_STRINGS_H 1
| #define HAVE_INTTYPES_H 1
| #define HAVE_STDINT_H 1
| #define HAVE_UNISTD_H 1
| #define HAVE_LOCALE_H 1
| #define HAVE_INTTYPES_H 1
| #define HAVE_STDINT_H 1
| /* end confdefs.h.  */
| #include <stdio.h>
| #ifdef HAVE_SYS_TYPES_H
| # include <sys/types.h>
| #endif
| #ifdef HAVE_SYS_STAT_H
| # include <sys/stat.h>
| #endif
| #ifdef STDC_HEADERS
| # include <stdlib.h>
| # include <stddef.h>
| #else
| # ifdef HAVE_STDLIB_H
| #  include <stdlib.h>
| # endif
| #endif
| #ifdef HAVE_STRING_H
| # if !defined STDC_HEADERS && defined HAVE_MEMORY_H
| #  include <memory.h>
| # endif
| # include <string.h>
| #endif
| #ifdef HAVE_STRINGS_H
| # include <strings.h>
| #endif
| #ifdef HAVE_INTTYPES_H
| # include <inttypes.h>
| #endif
| #ifdef HAVE_STDINT_H
| # include <stdint.h>
| #endif
| #ifdef HAVE_UNISTD_H
| # include <unistd.h>
| #endif
| #include <sys/tw_osl_ioctl.h>
configure:5601: result: no
configure:5601: checking sys/tw_osl_ioctl.h presence
configure:5601: g++ -E  conftest.cpp
conftest.cpp:29:30: fatal error: sys/tw_osl_ioctl.h: No such file or directory
compilation terminated.
configure:5601: $? = 1
configure: failed program was:
| /* confdefs.h */
| #define PACKAGE_NAME "smartmontools"
| #define PACKAGE_TARNAME "smartmontools"
| #define PACKAGE_VERSION "6.6"
| #define PACKAGE_STRING "smartmontools 6.6"
| #define PACKAGE_BUGREPORT "smartmontools-support@listi.jpberlin.de"
| #define PACKAGE_URL ""
| #define PACKAGE "smartmontools"
| #define VERSION "6.6"
| #define SMARTMONTOOLS_CONFIGURE_ARGS ""
| #define SMARTMONTOOLS_RELEASE_DATE "2016-05-07"
| #define SMARTMONTOOLS_RELEASE_TIME "11:17:46 UTC"
| #define CONFIG_H_CVSID "$Id: configure.ac 4549 2017-10-10 19:09:54Z chrfranke $"
| #define PACKAGE_HOMEPAGE "http://www.smartmontools.org/"
| #define STDC_HEADERS 1
| #define HAVE_SYS_TYPES_H 1
| #define HAVE_SYS_STAT_H 1
| #define HAVE_STDLIB_H 1
| #define HAVE_STRING_H 1
| #define HAVE_MEMORY_H 1
| #define HAVE_STRINGS_H 1
| #define HAVE_INTTYPES_H 1
| #define HAVE_STDINT_H 1
| #define HAVE_UNISTD_H 1
| #define HAVE_LOCALE_H 1
| #define HAVE_INTTYPES_H 1
| #define HAVE_STDINT_H 1
| /* end confdefs.h.  */
| #include <sys/tw_osl_ioctl.h>
configure:5601: result: no
configure:5601: checking for sys/tw_osl_ioctl.h
configure:5601: result: no
configure:5613: checking linux/compiler.h usability
configure:5613: g++ -c -g -O2  conftest.cpp >&5
conftest.cpp:62:28: fatal error: linux/compiler.h: No such file or directory
compilation terminated.
configure:5613: $? = 1
configure: failed program was:
| /* confdefs.h */
| #define PACKAGE_NAME "smartmontools"
| #define PACKAGE_TARNAME "smartmontools"
| #define PACKAGE_VERSION "6.6"
| #define PACKAGE_STRING "smartmontools 6.6"
| #define PACKAGE_BUGREPORT "smartmontools-support@listi.jpberlin.de"
| #define PACKAGE_URL ""
| #define PACKAGE "smartmontools"
| #define VERSION "6.6"
| #define SMARTMONTOOLS_CONFIGURE_ARGS ""
| #define SMARTMONTOOLS_RELEASE_DATE "2016-05-07"
| #define SMARTMONTOOLS_RELEASE_TIME "11:17:46 UTC"
| #define CONFIG_H_CVSID "$Id: configure.ac 4549 2017-10-10 19:09:54Z chrfranke $"
| #define PACKAGE_HOMEPAGE "http://www.smartmontools.org/"
| #define STDC_HEADERS 1
| #define HAVE_SYS_TYPES_H 1
| #define HAVE_SYS_STAT_H 1
| #define HAVE_STDLIB_H 1
| #define HAVE_STRING_H 1
| #define HAVE_MEMORY_H 1
| #define HAVE_STRINGS_H 1
| #define HAVE_INTTYPES_H 1
| #define HAVE_STDINT_H 1
| #define HAVE_UNISTD_H 1
| #define HAVE_LOCALE_H 1
| #define HAVE_INTTYPES_H 1
| #define HAVE_STDINT_H 1
| /* end confdefs.h.  */
| #include <stdio.h>
| #ifdef HAVE_SYS_TYPES_H
| # include <sys/types.h>
| #endif
| #ifdef HAVE_SYS_STAT_H
| # include <sys/stat.h>
| #endif
| #ifdef STDC_HEADERS
| # include <stdlib.h>
| # include <stddef.h>
| #else
| # ifdef HAVE_STDLIB_H
| #  include <stdlib.h>
| # endif
| #endif
| #ifdef HAVE_STRING_H
| # if !defined STDC_HEADERS && defined HAVE_MEMORY_H
| #  include <memory.h>
| # endif
| # include <string.h>
| #endif
| #ifdef HAVE_STRINGS_H
| # include <strings.h>
| #endif
| #ifdef HAVE_INTTYPES_H
| # include <inttypes.h>
| #endif
| #ifdef HAVE_STDINT_H
| # include <stdint.h>
| #endif
| #ifdef HAVE_UNISTD_H
| # include <unistd.h>
| #endif
| #include <linux/compiler.h>
configure:5613: result: no
configure:5613: checking linux/compiler.h presence
configure:5613: g++ -E  conftest.cpp
conftest.cpp:29:28: fatal error: linux/compiler.h: No such file or directory
compilation terminated.
configure:5613: $? = 1
configure: failed program was:
| /* confdefs.h */
| #define PACKAGE_NAME "smartmontools"
| #define PACKAGE_TARNAME "smartmontools"
| #define PACKAGE_VERSION "6.6"
| #define PACKAGE_STRING "smartmontools 6.6"
| #define PACKAGE_BUGREPORT "smartmontools-support@listi.jpberlin.de"
| #define PACKAGE_URL ""
| #define PACKAGE "smartmontools"
| #define VERSION "6.6"
| #define SMARTMONTOOLS_CONFIGURE_ARGS ""
| #define SMARTMONTOOLS_RELEASE_DATE "2016-05-07"
| #define SMARTMONTOOLS_RELEASE_TIME "11:17:46 UTC"
| #define CONFIG_H_CVSID "$Id: configure.ac 4549 2017-10-10 19:09:54Z chrfranke $"
| #define PACKAGE_HOMEPAGE "http://www.smartmontools.org/"
| #define STDC_HEADERS 1
| #define HAVE_SYS_TYPES_H 1
| #define HAVE_SYS_STAT_H 1
| #define HAVE_STDLIB_H 1
| #define HAVE_STRING_H 1
| #define HAVE_MEMORY_H 1
| #define HAVE_STRINGS_H 1
| #define HAVE_INTTYPES_H 1
| #define HAVE_STDINT_H 1
| #define HAVE_UNISTD_H 1
| #define HAVE_LOCALE_H 1
| #define HAVE_INTTYPES_H 1
| #define HAVE_STDINT_H 1
| /* end confdefs.h.  */
| #include <linux/compiler.h>
configure:5613: result: no
configure:5613: checking for linux/compiler.h
configure:5613: result: no
configure:5625: checking dev/ciss/cissio.h usability
configure:5625: g++ -c -g -O2  conftest.cpp >&5
conftest.cpp:62:29: fatal error: dev/ciss/cissio.h: No such file or directory
compilation terminated.
configure:5625: $? = 1
configure: failed program was:
| /* confdefs.h */
| #define PACKAGE_NAME "smartmontools"
| #define PACKAGE_TARNAME "smartmontools"
| #define PACKAGE_VERSION "6.6"
| #define PACKAGE_STRING "smartmontools 6.6"
| #define PACKAGE_BUGREPORT "smartmontools-support@listi.jpberlin.de"
| #define PACKAGE_URL ""
| #define PACKAGE "smartmontools"
| #define VERSION "6.6"
| #define SMARTMONTOOLS_CONFIGURE_ARGS ""
| #define SMARTMONTOOLS_RELEASE_DATE "2016-05-07"
| #define SMARTMONTOOLS_RELEASE_TIME "11:17:46 UTC"
| #define CONFIG_H_CVSID "$Id: configure.ac 4549 2017-10-10 19:09:54Z chrfranke $"
| #define PACKAGE_HOMEPAGE "http://www.smartmontools.org/"
| #define STDC_HEADERS 1
| #define HAVE_SYS_TYPES_H 1
| #define HAVE_SYS_STAT_H 1
| #define HAVE_STDLIB_H 1
| #define HAVE_STRING_H 1
| #define HAVE_MEMORY_H 1
| #define HAVE_STRINGS_H 1
| #define HAVE_INTTYPES_H 1
| #define HAVE_STDINT_H 1
| #define HAVE_UNISTD_H 1
| #define HAVE_LOCALE_H 1
| #define HAVE_INTTYPES_H 1
| #define HAVE_STDINT_H 1
| /* end confdefs.h.  */
| #include <stdio.h>
| #ifdef HAVE_SYS_TYPES_H
| # include <sys/types.h>
| #endif
| #ifdef HAVE_SYS_STAT_H
| # include <sys/stat.h>
| #endif
| #ifdef STDC_HEADERS
| # include <stdlib.h>
| # include <stddef.h>
| #else
| # ifdef HAVE_STDLIB_H
| #  include <stdlib.h>
| # endif
| #endif
| #ifdef HAVE_STRING_H
| # if !defined STDC_HEADERS && defined HAVE_MEMORY_H
| #  include <memory.h>
| # endif
| # include <string.h>
| #endif
| #ifdef HAVE_STRINGS_H
| # include <strings.h>
| #endif
| #ifdef HAVE_INTTYPES_H
| # include <inttypes.h>
| #endif
| #ifdef HAVE_STDINT_H
| # include <stdint.h>
| #endif
| #ifdef HAVE_UNISTD_H
| # include <unistd.h>
| #endif
| #include <dev/ciss/cissio.h>
configure:5625: result: no
configure:5625: checking dev/ciss/cissio.h presence
configure:5625: g++ -E  conftest.cpp
conftest.cpp:29:29: fatal error: dev/ciss/cissio.h: No such file or directory
compilation terminated.
configure:5625: $? = 1
configure: failed program was:
| /* confdefs.h */
| #define PACKAGE_NAME "smartmontools"
| #define PACKAGE_TARNAME "smartmontools"
| #define PACKAGE_VERSION "6.6"
| #define PACKAGE_STRING "smartmontools 6.6"
| #define PACKAGE_BUGREPORT "smartmontools-support@listi.jpberlin.de"
| #define PACKAGE_URL ""
| #define PACKAGE "smartmontools"
| #define VERSION "6.6"
| #define SMARTMONTOOLS_CONFIGURE_ARGS ""
| #define SMARTMONTOOLS_RELEASE_DATE "2016-05-07"
| #define SMARTMONTOOLS_RELEASE_TIME "11:17:46 UTC"
| #define CONFIG_H_CVSID "$Id: configure.ac 4549 2017-10-10 19:09:54Z chrfranke $"
| #define PACKAGE_HOMEPAGE "http://www.smartmontools.org/"
| #define STDC_HEADERS 1
| #define HAVE_SYS_TYPES_H 1
| #define HAVE_SYS_STAT_H 1
| #define HAVE_STDLIB_H 1
| #define HAVE_STRING_H 1
| #define HAVE_MEMORY_H 1
| #define HAVE_STRINGS_H 1
| #define HAVE_INTTYPES_H 1
| #define HAVE_STDINT_H 1
| #define HAVE_UNISTD_H 1
| #define HAVE_LOCALE_H 1
| #define HAVE_INTTYPES_H 1
| #define HAVE_STDINT_H 1
| /* end confdefs.h.  */
| #include <dev/ciss/cissio.h>
configure:5625: result: no
configure:5625: checking for dev/ciss/cissio.h
configure:5625: result: no
configure:5644: checking for linux/cciss_ioctl.h
configure:5644: g++ -c -g -O2  conftest.cpp >&5
configure:5644: $? = 0
configure:5644: result: yes
configure:5662: checking for ntdddisk.h
configure:5662: g++ -c -g -O2  conftest.cpp >&5
conftest.cpp:64:21: fatal error: windows.h: No such file or directory
compilation terminated.
configure:5662: $? = 1
configure: failed program was:
| /* confdefs.h */
| #define PACKAGE_NAME "smartmontools"
| #define PACKAGE_TARNAME "smartmontools"
| #define PACKAGE_VERSION "6.6"
| #define PACKAGE_STRING "smartmontools 6.6"
| #define PACKAGE_BUGREPORT "smartmontools-support@listi.jpberlin.de"
| #define PACKAGE_URL ""
| #define PACKAGE "smartmontools"
| #define VERSION "6.6"
| #define SMARTMONTOOLS_CONFIGURE_ARGS ""
| #define SMARTMONTOOLS_RELEASE_DATE "2016-05-07"
| #define SMARTMONTOOLS_RELEASE_TIME "11:17:46 UTC"
| #define CONFIG_H_CVSID "$Id: configure.ac 4549 2017-10-10 19:09:54Z chrfranke $"
| #define PACKAGE_HOMEPAGE "http://www.smartmontools.org/"
| #define STDC_HEADERS 1
| #define HAVE_SYS_TYPES_H 1
| #define HAVE_SYS_STAT_H 1
| #define HAVE_STDLIB_H 1
| #define HAVE_STRING_H 1
| #define HAVE_MEMORY_H 1
| #define HAVE_STRINGS_H 1
| #define HAVE_INTTYPES_H 1
| #define HAVE_STDINT_H 1
| #define HAVE_UNISTD_H 1
| #define HAVE_LOCALE_H 1
| #define HAVE_INTTYPES_H 1
| #define HAVE_STDINT_H 1
| #define CISS_LOCATION "cissio_freebsd.h"
| #define HAVE_LINUX_CCISS_IOCTL_H 1
| /* end confdefs.h.  */
| #include <stdio.h>
| #ifdef HAVE_SYS_TYPES_H
| # include <sys/types.h>
| #endif
| #ifdef HAVE_SYS_STAT_H
| # include <sys/stat.h>
| #endif
| #ifdef STDC_HEADERS
| # include <stdlib.h>
| # include <stddef.h>
| #else
| # ifdef HAVE_STDLIB_H
| #  include <stdlib.h>
| # endif
| #endif
| #ifdef HAVE_STRING_H
| # if !defined STDC_HEADERS && defined HAVE_MEMORY_H
| #  include <memory.h>
| # endif
| # include <string.h>
| #endif
| #ifdef HAVE_STRINGS_H
| # include <strings.h>
| #endif
| #ifdef HAVE_INTTYPES_H
| # include <inttypes.h>
| #endif
| #ifdef HAVE_STDINT_H
| # include <stdint.h>
| #endif
| #ifdef HAVE_UNISTD_H
| # include <unistd.h>
| #endif
| #include <windows.h>
| 
| 
| #include <ntdddisk.h>
configure:5662: result: no
configure:5662: checking for ddk/ntdddisk.h
configure:5662: g++ -c -g -O2  conftest.cpp >&5
conftest.cpp:64:21: fatal error: windows.h: No such file or directory
compilation terminated.
configure:5662: $? = 1
configure: failed program was:
| /* confdefs.h */
| #define PACKAGE_NAME "smartmontools"
| #define PACKAGE_TARNAME "smartmontools"
| #define PACKAGE_VERSION "6.6"
| #define PACKAGE_STRING "smartmontools 6.6"
| #define PACKAGE_BUGREPORT "smartmontools-support@listi.jpberlin.de"
| #define PACKAGE_URL ""
| #define PACKAGE "smartmontools"
| #define VERSION "6.6"
| #define SMARTMONTOOLS_CONFIGURE_ARGS ""
| #define SMARTMONTOOLS_RELEASE_DATE "2016-05-07"
| #define SMARTMONTOOLS_RELEASE_TIME "11:17:46 UTC"
| #define CONFIG_H_CVSID "$Id: configure.ac 4549 2017-10-10 19:09:54Z chrfranke $"
| #define PACKAGE_HOMEPAGE "http://www.smartmontools.org/"
| #define STDC_HEADERS 1
| #define HAVE_SYS_TYPES_H 1
| #define HAVE_SYS_STAT_H 1
| #define HAVE_STDLIB_H 1
| #define HAVE_STRING_H 1
| #define HAVE_MEMORY_H 1
| #define HAVE_STRINGS_H 1
| #define HAVE_INTTYPES_H 1
| #define HAVE_STDINT_H 1
| #define HAVE_UNISTD_H 1
| #define HAVE_LOCALE_H 1
| #define HAVE_INTTYPES_H 1
| #define HAVE_STDINT_H 1
| #define CISS_LOCATION "cissio_freebsd.h"
| #define HAVE_LINUX_CCISS_IOCTL_H 1
| /* end confdefs.h.  */
| #include <stdio.h>
| #ifdef HAVE_SYS_TYPES_H
| # include <sys/types.h>
| #endif
| #ifdef HAVE_SYS_STAT_H
| # include <sys/stat.h>
| #endif
| #ifdef STDC_HEADERS
| # include <stdlib.h>
| # include <stddef.h>
| #else
| # ifdef HAVE_STDLIB_H
| #  include <stdlib.h>
| # endif
| #endif
| #ifdef HAVE_STRING_H
| # if !defined STDC_HEADERS && defined HAVE_MEMORY_H
| #  include <memory.h>
| # endif
| # include <string.h>
| #endif
| #ifdef HAVE_STRINGS_H
| # include <strings.h>
| #endif
| #ifdef HAVE_INTTYPES_H
| # include <inttypes.h>
| #endif
| #ifdef HAVE_STDINT_H
| # include <stdint.h>
| #endif
| #ifdef HAVE_UNISTD_H
| # include <unistd.h>
| #endif
| #include <windows.h>
| 
| 
| #include <ddk/ntdddisk.h>
configure:5662: result: no
configure:5677: checking wbemcli.h usability
configure:5677: g++ -c -g -O2  conftest.cpp >&5
conftest.cpp:64:21: fatal error: wbemcli.h: No such file or directory
compilation terminated.
configure:5677: $? = 1
configure: failed program was:
| /* confdefs.h */
| #define PACKAGE_NAME "smartmontools"
| #define PACKAGE_TARNAME "smartmontools"
| #define PACKAGE_VERSION "6.6"
| #define PACKAGE_STRING "smartmontools 6.6"
| #define PACKAGE_BUGREPORT "smartmontools-support@listi.jpberlin.de"
| #define PACKAGE_URL ""
| #define PACKAGE "smartmontools"
| #define VERSION "6.6"
| #define SMARTMONTOOLS_CONFIGURE_ARGS ""
| #define SMARTMONTOOLS_RELEASE_DATE "2016-05-07"
| #define SMARTMONTOOLS_RELEASE_TIME "11:17:46 UTC"
| #define CONFIG_H_CVSID "$Id: configure.ac 4549 2017-10-10 19:09:54Z chrfranke $"
| #define PACKAGE_HOMEPAGE "http://www.smartmontools.org/"
| #define STDC_HEADERS 1
| #define HAVE_SYS_TYPES_H 1
| #define HAVE_SYS_STAT_H 1
| #define HAVE_STDLIB_H 1
| #define HAVE_STRING_H 1
| #define HAVE_MEMORY_H 1
| #define HAVE_STRINGS_H 1
| #define HAVE_INTTYPES_H 1
| #define HAVE_STDINT_H 1
| #define HAVE_UNISTD_H 1
| #define HAVE_LOCALE_H 1
| #define HAVE_INTTYPES_H 1
| #define HAVE_STDINT_H 1
| #define CISS_LOCATION "cissio_freebsd.h"
| #define HAVE_LINUX_CCISS_IOCTL_H 1
| /* end confdefs.h.  */
| #include <stdio.h>
| #ifdef HAVE_SYS_TYPES_H
| # include <sys/types.h>
| #endif
| #ifdef HAVE_SYS_STAT_H
| # include <sys/stat.h>
| #endif
| #ifdef STDC_HEADERS
| # include <stdlib.h>
| # include <stddef.h>
| #else
| # ifdef HAVE_STDLIB_H
| #  include <stdlib.h>
| # endif
| #endif
| #ifdef HAVE_STRING_H
| # if !defined STDC_HEADERS && defined HAVE_MEMORY_H
| #  include <memory.h>
| # endif
| # include <string.h>
| #endif
| #ifdef HAVE_STRINGS_H
| # include <strings.h>
| #endif
| #ifdef HAVE_INTTYPES_H
| # include <inttypes.h>
| #endif
| #ifdef HAVE_STDINT_H
| # include <stdint.h>
| #endif
| #ifdef HAVE_UNISTD_H
| # include <unistd.h>
| #endif
| #include <wbemcli.h>
configure:5677: result: no
configure:5677: checking wbemcli.h presence
configure:5677: g++ -E  conftest.cpp
conftest.cpp:31:21: fatal error: wbemcli.h: No such file or directory
compilation terminated.
configure:5677: $? = 1
configure: failed program was:
| /* confdefs.h */
| #define PACKAGE_NAME "smartmontools"
| #define PACKAGE_TARNAME "smartmontools"
| #define PACKAGE_VERSION "6.6"
| #define PACKAGE_STRING "smartmontools 6.6"
| #define PACKAGE_BUGREPORT "smartmontools-support@listi.jpberlin.de"
| #define PACKAGE_URL ""
| #define PACKAGE "smartmontools"
| #define VERSION "6.6"
| #define SMARTMONTOOLS_CONFIGURE_ARGS ""
| #define SMARTMONTOOLS_RELEASE_DATE "2016-05-07"
| #define SMARTMONTOOLS_RELEASE_TIME "11:17:46 UTC"
| #define CONFIG_H_CVSID "$Id: configure.ac 4549 2017-10-10 19:09:54Z chrfranke $"
| #define PACKAGE_HOMEPAGE "http://www.smartmontools.org/"
| #define STDC_HEADERS 1
| #define HAVE_SYS_TYPES_H 1
| #define HAVE_SYS_STAT_H 1
| #define HAVE_STDLIB_H 1
| #define HAVE_STRING_H 1
| #define HAVE_MEMORY_H 1
| #define HAVE_STRINGS_H 1
| #define HAVE_INTTYPES_H 1
| #define HAVE_STDINT_H 1
| #define HAVE_UNISTD_H 1
| #define HAVE_LOCALE_H 1
| #define HAVE_INTTYPES_H 1
| #define HAVE_STDINT_H 1
| #define CISS_LOCATION "cissio_freebsd.h"
| #define HAVE_LINUX_CCISS_IOCTL_H 1
| /* end confdefs.h.  */
| #include <wbemcli.h>
configure:5677: result: no
configure:5677: checking for wbemcli.h
configure:5677: result: no
configure:5688: checking for int64_t
configure:5688: g++ -c -g -O2  conftest.cpp >&5
configure:5688: $? = 0
configure:5688: g++ -c -g -O2  conftest.cpp >&5
conftest.cpp: In function 'int main()':
conftest.cpp:67:21: error: expected primary-expression before ')' token
 if (sizeof ((int64_t)))
                     ^
configure:5688: $? = 1
configure: failed program was:
| /* confdefs.h */
| #define PACKAGE_NAME "smartmontools"
| #define PACKAGE_TARNAME "smartmontools"
| #define PACKAGE_VERSION "6.6"
| #define PACKAGE_STRING "smartmontools 6.6"
| #define PACKAGE_BUGREPORT "smartmontools-support@listi.jpberlin.de"
| #define PACKAGE_URL ""
| #define PACKAGE "smartmontools"
| #define VERSION "6.6"
| #define SMARTMONTOOLS_CONFIGURE_ARGS ""
| #define SMARTMONTOOLS_RELEASE_DATE "2016-05-07"
| #define SMARTMONTOOLS_RELEASE_TIME "11:17:46 UTC"
| #define CONFIG_H_CVSID "$Id: configure.ac 4549 2017-10-10 19:09:54Z chrfranke $"
| #define PACKAGE_HOMEPAGE "http://www.smartmontools.org/"
| #define STDC_HEADERS 1
| #define HAVE_SYS_TYPES_H 1
| #define HAVE_SYS_STAT_H 1
| #define HAVE_STDLIB_H 1
| #define HAVE_STRING_H 1
| #define HAVE_MEMORY_H 1
| #define HAVE_STRINGS_H 1
| #define HAVE_INTTYPES_H 1
| #define HAVE_STDINT_H 1
| #define HAVE_UNISTD_H 1
| #define HAVE_LOCALE_H 1
| #define HAVE_INTTYPES_H 1
| #define HAVE_STDINT_H 1
| #define CISS_LOCATION "cissio_freebsd.h"
| #define HAVE_LINUX_CCISS_IOCTL_H 1
| /* end confdefs.h.  */
| #include <stdio.h>
| #ifdef HAVE_SYS_TYPES_H
| # include <sys/types.h>
| #endif
| #ifdef HAVE_SYS_STAT_H
| # include <sys/stat.h>
| #endif
| #ifdef STDC_HEADERS
| # include <stdlib.h>
| # include <stddef.h>
| #else
| # ifdef HAVE_STDLIB_H
| #  include <stdlib.h>
| # endif
| #endif
| #ifdef HAVE_STRING_H
| # if !defined STDC_HEADERS && defined HAVE_MEMORY_H
| #  include <memory.h>
| # endif
| # include <string.h>
| #endif
| #ifdef HAVE_STRINGS_H
| # include <strings.h>
| #endif
| #ifdef HAVE_INTTYPES_H
| # include <inttypes.h>
| #endif
| #ifdef HAVE_STDINT_H
| # include <stdint.h>
| #endif
| #ifdef HAVE_UNISTD_H
| # include <unistd.h>
| #endif
| int
| main ()
| {
| if (sizeof ((int64_t)))
| 	    return 0;
|   ;
|   return 0;
| }
configure:5688: result: yes
configure:5697: checking for uint64_t
configure:5697: g++ -c -g -O2  conftest.cpp >&5
configure:5697: $? = 0
configure:5697: g++ -c -g -O2  conftest.cpp >&5
conftest.cpp: In function 'int main()':
conftest.cpp:68:22: error: expected primary-expression before ')' token
 if (sizeof ((uint64_t)))
                      ^
configure:5697: $? = 1
configure: failed program was:
| /* confdefs.h */
| #define PACKAGE_NAME "smartmontools"
| #define PACKAGE_TARNAME "smartmontools"
| #define PACKAGE_VERSION "6.6"
| #define PACKAGE_STRING "smartmontools 6.6"
| #define PACKAGE_BUGREPORT "smartmontools-support@listi.jpberlin.de"
| #define PACKAGE_URL ""
| #define PACKAGE "smartmontools"
| #define VERSION "6.6"
| #define SMARTMONTOOLS_CONFIGURE_ARGS ""
| #define SMARTMONTOOLS_RELEASE_DATE "2016-05-07"
| #define SMARTMONTOOLS_RELEASE_TIME "11:17:46 UTC"
| #define CONFIG_H_CVSID "$Id: configure.ac 4549 2017-10-10 19:09:54Z chrfranke $"
| #define PACKAGE_HOMEPAGE "http://www.smartmontools.org/"
| #define STDC_HEADERS 1
| #define HAVE_SYS_TYPES_H 1
| #define HAVE_SYS_STAT_H 1
| #define HAVE_STDLIB_H 1
| #define HAVE_STRING_H 1
| #define HAVE_MEMORY_H 1
| #define HAVE_STRINGS_H 1
| #define HAVE_INTTYPES_H 1
| #define HAVE_STDINT_H 1
| #define HAVE_UNISTD_H 1
| #define HAVE_LOCALE_H 1
| #define HAVE_INTTYPES_H 1
| #define HAVE_STDINT_H 1
| #define CISS_LOCATION "cissio_freebsd.h"
| #define HAVE_LINUX_CCISS_IOCTL_H 1
| #define HAVE_INT64_T 1
| /* end confdefs.h.  */
| #include <stdio.h>
| #ifdef HAVE_SYS_TYPES_H
| # include <sys/types.h>
| #endif
| #ifdef HAVE_SYS_STAT_H
| # include <sys/stat.h>
| #endif
| #ifdef STDC_HEADERS
| # include <stdlib.h>
| # include <stddef.h>
| #else
| # ifdef HAVE_STDLIB_H
| #  include <stdlib.h>
| # endif
| #endif
| #ifdef HAVE_STRING_H
| # if !defined STDC_HEADERS && defined HAVE_MEMORY_H
| #  include <memory.h>
| # endif
| # include <string.h>
| #endif
| #ifdef HAVE_STRINGS_H
| # include <strings.h>
| #endif
| #ifdef HAVE_INTTYPES_H
| # include <inttypes.h>
| #endif
| #ifdef HAVE_STDINT_H
| # include <stdint.h>
| #endif
| #ifdef HAVE_UNISTD_H
| # include <unistd.h>
| #endif
| int
| main ()
| {
| if (sizeof ((uint64_t)))
| 	    return 0;
|   ;
|   return 0;
| }
configure:5697: result: yes
configure:5710: checking for getopt_long
configure:5710: g++ -o conftest -g -O2   conftest.cpp  >&5
configure:5710: $? = 0
configure:5710: result: yes
configure:5731: checking for regcomp
configure:5731: g++ -o conftest -g -O2   conftest.cpp  >&5
configure:5731: $? = 0
configure:5731: result: yes
configure:5753: checking for sigset
configure:5753: g++ -o conftest -g -O2   conftest.cpp  >&5
configure:5753: $? = 0
configure:5753: result: yes
configure:5764: checking for strtoull
configure:5764: g++ -o conftest -g -O2   conftest.cpp  >&5
configure:5764: $? = 0
configure:5764: result: yes
configure:5775: checking for uname
configure:5775: g++ -o conftest -g -O2   conftest.cpp  >&5
configure:5775: $? = 0
configure:5775: result: yes
configure:5787: checking for clock_gettime
configure:5787: g++ -o conftest -g -O2   conftest.cpp  >&5
configure:5787: $? = 0
configure:5787: result: yes
configure:5787: checking for ftime
configure:5787: g++ -o conftest -g -O2   conftest.cpp  >&5
configure:5787: $? = 0
configure:5787: result: yes
configure:5787: checking for gettimeofday
configure:5787: g++ -o conftest -g -O2   conftest.cpp  >&5
configure:5787: $? = 0
configure:5787: result: yes
configure:5798: checking whether byte ordering is bigendian
configure:5813: g++ -c -g -O2  conftest.cpp >&5
conftest.cpp:42:9: error: expected unqualified-id before 'not' token
         not a universal capable compiler
         ^
configure:5813: $? = 1
configure: failed program was:
| /* confdefs.h */
| #define PACKAGE_NAME "smartmontools"
| #define PACKAGE_TARNAME "smartmontools"
| #define PACKAGE_VERSION "6.6"
| #define PACKAGE_STRING "smartmontools 6.6"
| #define PACKAGE_BUGREPORT "smartmontools-support@listi.jpberlin.de"
| #define PACKAGE_URL ""
| #define PACKAGE "smartmontools"
| #define VERSION "6.6"
| #define SMARTMONTOOLS_CONFIGURE_ARGS ""
| #define SMARTMONTOOLS_RELEASE_DATE "2016-05-07"
| #define SMARTMONTOOLS_RELEASE_TIME "11:17:46 UTC"
| #define CONFIG_H_CVSID "$Id: configure.ac 4549 2017-10-10 19:09:54Z chrfranke $"
| #define PACKAGE_HOMEPAGE "http://www.smartmontools.org/"
| #define STDC_HEADERS 1
| #define HAVE_SYS_TYPES_H 1
| #define HAVE_SYS_STAT_H 1
| #define HAVE_STDLIB_H 1
| #define HAVE_STRING_H 1
| #define HAVE_MEMORY_H 1
| #define HAVE_STRINGS_H 1
| #define HAVE_INTTYPES_H 1
| #define HAVE_STDINT_H 1
| #define HAVE_UNISTD_H 1
| #define HAVE_LOCALE_H 1
| #define HAVE_INTTYPES_H 1
| #define HAVE_STDINT_H 1
| #define CISS_LOCATION "cissio_freebsd.h"
| #define HAVE_LINUX_CCISS_IOCTL_H 1
| #define HAVE_INT64_T 1
| #define HAVE_UINT64_T 1
| #define HAVE_GETOPT_LONG 1
| #define HAVE_REGCOMP 1
| #define HAVE_SIGSET 1
| #define HAVE_STRTOULL 1
| #define HAVE_UNAME 1
| #define HAVE_CLOCK_GETTIME 1
| #define HAVE_FTIME 1
| #define HAVE_GETTIMEOFDAY 1
| /* end confdefs.h.  */
| #ifndef __APPLE_CC__
| 	       not a universal capable compiler
| 	     #endif
| 	     typedef int dummy;
| 
configure:5858: g++ -c -g -O2  conftest.cpp >&5
configure:5858: $? = 0
configure:5876: g++ -c -g -O2  conftest.cpp >&5
conftest.cpp: In function 'int main()':
conftest.cpp:48:8: error: 'big' was not declared in this scope
    not big endian
        ^
configure:5876: $? = 1
configure: failed program was:
| /* confdefs.h */
| #define PACKAGE_NAME "smartmontools"
| #define PACKAGE_TARNAME "smartmontools"
| #define PACKAGE_VERSION "6.6"
| #define PACKAGE_STRING "smartmontools 6.6"
| #define PACKAGE_BUGREPORT "smartmontools-support@listi.jpberlin.de"
| #define PACKAGE_URL ""
| #define PACKAGE "smartmontools"
| #define VERSION "6.6"
| #define SMARTMONTOOLS_CONFIGURE_ARGS ""
| #define SMARTMONTOOLS_RELEASE_DATE "2016-05-07"
| #define SMARTMONTOOLS_RELEASE_TIME "11:17:46 UTC"
| #define CONFIG_H_CVSID "$Id: configure.ac 4549 2017-10-10 19:09:54Z chrfranke $"
| #define PACKAGE_HOMEPAGE "http://www.smartmontools.org/"
| #define STDC_HEADERS 1
| #define HAVE_SYS_TYPES_H 1
| #define HAVE_SYS_STAT_H 1
| #define HAVE_STDLIB_H 1
| #define HAVE_STRING_H 1
| #define HAVE_MEMORY_H 1
| #define HAVE_STRINGS_H 1
| #define HAVE_INTTYPES_H 1
| #define HAVE_STDINT_H 1
| #define HAVE_UNISTD_H 1
| #define HAVE_LOCALE_H 1
| #define HAVE_INTTYPES_H 1
| #define HAVE_STDINT_H 1
| #define CISS_LOCATION "cissio_freebsd.h"
| #define HAVE_LINUX_CCISS_IOCTL_H 1
| #define HAVE_INT64_T 1
| #define HAVE_UINT64_T 1
| #define HAVE_GETOPT_LONG 1
| #define HAVE_REGCOMP 1
| #define HAVE_SIGSET 1
| #define HAVE_STRTOULL 1
| #define HAVE_UNAME 1
| #define HAVE_CLOCK_GETTIME 1
| #define HAVE_FTIME 1
| #define HAVE_GETTIMEOFDAY 1
| /* end confdefs.h.  */
| #include <sys/types.h>
| 		#include <sys/param.h>
| 
| int
| main ()
| {
| #if BYTE_ORDER != BIG_ENDIAN
| 		 not big endian
| 		#endif
| 
|   ;
|   return 0;
| }
configure:6004: result: no
configure:6026: checking whether g++ supports __attribute__((packed))
configure:6041: g++ -c -g -O2  conftest.cpp >&5
configure:6041: $? = 0
configure:6053: result: yes
configure:6073: checking for systemdsystemunitdir
configure:6076: result: /lib/systemd/system
configure:6109: checking for path of systemd EnvironmentFile
configure:6117: result: ${sysconfdir}/default/smartmontools
configure:6437: checking for capng_clear in -lcap-ng
configure:6462: g++ -o conftest -g -O2   conftest.cpp -lcap-ng   >&5
/usr/bin/ld: cannot find -lcap-ng
collect2: error: ld returned 1 exit status
configure:6462: $? = 1
configure: failed program was:
| /* confdefs.h */
| #define PACKAGE_NAME "smartmontools"
| #define PACKAGE_TARNAME "smartmontools"
| #define PACKAGE_VERSION "6.6"
| #define PACKAGE_STRING "smartmontools 6.6"
| #define PACKAGE_BUGREPORT "smartmontools-support@listi.jpberlin.de"
| #define PACKAGE_URL ""
| #define PACKAGE "smartmontools"
| #define VERSION "6.6"
| #define SMARTMONTOOLS_CONFIGURE_ARGS ""
| #define SMARTMONTOOLS_RELEASE_DATE "2016-05-07"
| #define SMARTMONTOOLS_RELEASE_TIME "11:17:46 UTC"
| #define CONFIG_H_CVSID "$Id: configure.ac 4549 2017-10-10 19:09:54Z chrfranke $"
| #define PACKAGE_HOMEPAGE "http://www.smartmontools.org/"
| #define STDC_HEADERS 1
| #define HAVE_SYS_TYPES_H 1
| #define HAVE_SYS_STAT_H 1
| #define HAVE_STDLIB_H 1
| #define HAVE_STRING_H 1
| #define HAVE_MEMORY_H 1
| #define HAVE_STRINGS_H 1
| #define HAVE_INTTYPES_H 1
| #define HAVE_STDINT_H 1
| #define HAVE_UNISTD_H 1
| #define HAVE_LOCALE_H 1
| #define HAVE_INTTYPES_H 1
| #define HAVE_STDINT_H 1
| #define CISS_LOCATION "cissio_freebsd.h"
| #define HAVE_LINUX_CCISS_IOCTL_H 1
| #define HAVE_INT64_T 1
| #define HAVE_UINT64_T 1
| #define HAVE_GETOPT_LONG 1
| #define HAVE_REGCOMP 1
| #define HAVE_SIGSET 1
| #define HAVE_STRTOULL 1
| #define HAVE_UNAME 1
| #define HAVE_CLOCK_GETTIME 1
| #define HAVE_FTIME 1
| #define HAVE_GETTIMEOFDAY 1
| #define HAVE_ATTR_PACKED 1
| /* end confdefs.h.  */
| 
| /* Override any GCC internal prototype to avoid an error.
|    Use char because int might match the return type of a GCC
|    builtin and then its argument prototype would still apply.  */
| #ifdef __cplusplus
| extern "C"
| #endif
| char capng_clear ();
| int
| main ()
| {
| return capng_clear ();
|   ;
|   return 0;
| }
configure:6471: result: no
configure:6494: checking whether to use libcap-ng
configure:6497: result: no
configure:6722: checking for g++ option to accept C++11
configure:6711: g++ -c   conftest.cpp >&5
conftest.cpp:45:8: error: #error false
       #error false
        ^
conftest.cpp:48:26: error: expected initializer before 'noexcept'
       auto cxx11(long v) noexcept -> decltype(v) {
                          ^
configure:6711: $? = 1
configure: failed program was:
| /* confdefs.h */
| #define PACKAGE_NAME "smartmontools"
| #define PACKAGE_TARNAME "smartmontools"
| #define PACKAGE_VERSION "6.6"
| #define PACKAGE_STRING "smartmontools 6.6"
| #define PACKAGE_BUGREPORT "smartmontools-support@listi.jpberlin.de"
| #define PACKAGE_URL ""
| #define PACKAGE "smartmontools"
| #define VERSION "6.6"
| #define SMARTMONTOOLS_CONFIGURE_ARGS ""
| #define SMARTMONTOOLS_RELEASE_DATE "2016-05-07"
| #define SMARTMONTOOLS_RELEASE_TIME "11:17:46 UTC"
| #define CONFIG_H_CVSID "$Id: configure.ac 4549 2017-10-10 19:09:54Z chrfranke $"
| #define PACKAGE_HOMEPAGE "http://www.smartmontools.org/"
| #define STDC_HEADERS 1
| #define HAVE_SYS_TYPES_H 1
| #define HAVE_SYS_STAT_H 1
| #define HAVE_STDLIB_H 1
| #define HAVE_STRING_H 1
| #define HAVE_MEMORY_H 1
| #define HAVE_STRINGS_H 1
| #define HAVE_INTTYPES_H 1
| #define HAVE_STDINT_H 1
| #define HAVE_UNISTD_H 1
| #define HAVE_LOCALE_H 1
| #define HAVE_INTTYPES_H 1
| #define HAVE_STDINT_H 1
| #define CISS_LOCATION "cissio_freebsd.h"
| #define HAVE_LINUX_CCISS_IOCTL_H 1
| #define HAVE_INT64_T 1
| #define HAVE_UINT64_T 1
| #define HAVE_GETOPT_LONG 1
| #define HAVE_REGCOMP 1
| #define HAVE_SIGSET 1
| #define HAVE_STRTOULL 1
| #define HAVE_UNAME 1
| #define HAVE_CLOCK_GETTIME 1
| #define HAVE_FTIME 1
| #define HAVE_GETTIMEOFDAY 1
| #define HAVE_ATTR_PACKED 1
| #define HAVE_WORKING_SNPRINTF 1
| /* end confdefs.h.  */
| 
|       #if __cplusplus < 201103L
|       #error false
|       #endif
|       // use some C++11 features (and return v * 42 :-)
|       auto cxx11(long v) noexcept -> decltype(v) {
|         typedef decltype(v) t; t r = v;
|         static const t a[] = { -7, -1, 1, 2, 3 };
|         static_assert(sizeof(r) == sizeof(a[0]), "fail");
|         auto f = [](t x, t y){ return x * y; };
|         for (const auto & e : a) r = f(r, e);
|         return r;
|       }
| int
| main ()
| {
| 
|   ;
|   return 0;
| }
configure:6711: g++ -c -std=gnu++11  conftest.cpp >&5
configure:6711: $? = 0
configure:6728: result: -std=gnu++11
configure:6887: checking whether os_linux.cpp uses new interface
configure:6898: result: yes
configure:6985: checking whether g++ supports -Wformat=2
configure:7000: g++ -c -g -O2 -Wall -W -Wformat=2  conftest.cpp >&5
configure:7000: $? = 0
configure:7006: result: yes
configure:6985: checking whether g++ supports -fstack-protector-strong
configure:7000: g++ -c -g -O2 -Wall -W -Wformat=2 -fstack-protector-strong  conftest.cpp >&5
configure:7000: $? = 0
configure:7006: result: yes
configure:7155: checking that generated files are newer than configure
configure:7161: result: done
configure:7261: creating ./config.status

## ---------------------- ##
## Running config.status. ##
## ---------------------- ##

This file was extended by smartmontools config.status 6.6, which was
generated by GNU Autoconf 2.69.  Invocation command line was

  CONFIG_FILES    = 
  CONFIG_HEADERS  = 
  CONFIG_LINKS    = 
  CONFIG_COMMANDS = 
  $ ./config.status 

on ubuntu

config.status:971: creating Makefile
config.status:971: creating config.h
config.status:1152: config.h is unchanged
config.status:1200: executing depfiles commands
configure:8577: checking whether make sets $(MAKE)
configure:8599: result: yes
configure:8720:
-----------------------------------------------------------------------------
smartmontools-6.6 configuration:
host operating system:  x86_64-pc-linux-gnu
C++ compiler:           g++
C compiler:             gcc
preprocessor flags:     
C++ compiler flags:     -g -O2 -Wall -W -Wformat=2 -fstack-protector-strong
C compiler flags:       -g -O2
linker flags:           
OS specific modules:    os_linux.o cciss.o dev_areca.o  
binary install path:    /usr/local/sbin
man page install path:  /usr/local/share/man
doc file install path:  /usr/local/share/doc/smartmontools
examples install path:  /usr/local/share/doc/smartmontools/examplescripts
drive database file:    /usr/local/share/smartmontools/drivedb.h
database update script: /usr/local/sbin/update-smart-drivedb
download tools:         curl wget lynx svn
GnuPG for verification: gpg
local drive database:   /usr/local/etc/smart_drivedb.h
smartd config file:     /usr/local/etc/smartd.conf
smartd warning script:  /usr/local/etc/smartd_warning.sh
smartd plugin path:     /usr/local/etc/smartd_warning.d
PATH within scripts:    /usr/bin:/bin
smartd systemd file:    /usr/local/lib/systemd/system/smartd.service
smartd environ file:    /usr/local/etc/default/smartmontools
smartd save files:      [disabled]
smartd attribute logs:  [disabled]
libcap-ng support:      no
SELinux support:        no
NVMe DEVICESCAN:        no
-----------------------------------------------------------------------------

configure:8734: WARNING:
This version of smartmontools provides NVMe support which is still
EXPERIMENTAL.  NVMe devices are not yet included in smartd.conf
'DEVICESCAN' and 'smartctl --scan' unless '-d nvme' is specified.
Use option '--with-nvme-devicescan' to include NVMe devices.
Use option '--without-nvme-devicescan' to suppress this warning.


## ---------------- ##
## Cache variables. ##
## ---------------- ##

ac_cv_build=x86_64-pc-linux-gnu
ac_cv_c_bigendian=no
ac_cv_c_compiler_gnu=yes
ac_cv_cxx_compiler_gnu=yes
ac_cv_env_CCASFLAGS_set=
ac_cv_env_CCASFLAGS_value=
ac_cv_env_CCAS_set=
ac_cv_env_CCAS_value=
ac_cv_env_CCC_set=
ac_cv_env_CCC_value=
ac_cv_env_CC_set=
ac_cv_env_CC_value=
ac_cv_env_CFLAGS_set=
ac_cv_env_CFLAGS_value=
ac_cv_env_CPPFLAGS_set=
ac_cv_env_CPPFLAGS_value=
ac_cv_env_CXXCPP_set=
ac_cv_env_CXXCPP_value=
ac_cv_env_CXXFLAGS_set=
ac_cv_env_CXXFLAGS_value=
ac_cv_env_CXX_set=
ac_cv_env_CXX_value=
ac_cv_env_LDFLAGS_set=
ac_cv_env_LDFLAGS_value=
ac_cv_env_LIBS_set=
ac_cv_env_LIBS_value=
ac_cv_env_MAKENSIS_set=
ac_cv_env_MAKENSIS_value=
ac_cv_env_PKG_CONFIG_LIBDIR_set=
ac_cv_env_PKG_CONFIG_LIBDIR_value=
ac_cv_env_PKG_CONFIG_PATH_set=
ac_cv_env_PKG_CONFIG_PATH_value=
ac_cv_env_PKG_CONFIG_set=
ac_cv_env_PKG_CONFIG_value=
ac_cv_env_WINDMC_set=
ac_cv_env_WINDMC_value=
ac_cv_env_WINDRES_set=
ac_cv_env_WINDRES_value=
ac_cv_env_build_alias_set=
ac_cv_env_build_alias_value=
ac_cv_env_host_alias_set=
ac_cv_env_host_alias_value=
ac_cv_env_target_alias_set=
ac_cv_env_target_alias_value=
ac_cv_func_clock_gettime=yes
ac_cv_func_ftime=yes
ac_cv_func_getopt_long=yes
ac_cv_func_gettimeofday=yes
ac_cv_func_regcomp=yes
ac_cv_func_sigset=yes
ac_cv_func_strtoull=yes
ac_cv_func_uname=yes
ac_cv_header_ddk_ntdddisk_h=no
ac_cv_header_dev_ata_atavar_h=no
ac_cv_header_dev_ciss_cissio_h=no
ac_cv_header_inttypes_h=yes
ac_cv_header_linux_cciss_ioctl_h=yes
ac_cv_header_linux_compiler_h=no
ac_cv_header_locale_h=yes
ac_cv_header_memory_h=yes
ac_cv_header_ntdddisk_h=no
ac_cv_header_stdc=yes
ac_cv_header_stdint_h=yes
ac_cv_header_stdlib_h=yes
ac_cv_header_string_h=yes
ac_cv_header_strings_h=yes
ac_cv_header_sys_int_types_h=no
ac_cv_header_sys_inttypes_h=no
ac_cv_header_sys_stat_h=yes
ac_cv_header_sys_tw_osl_ioctl_h=no
ac_cv_header_sys_tweio_h=no
ac_cv_header_sys_twereg_h=no
ac_cv_header_sys_types_h=yes
ac_cv_header_unistd_h=yes
ac_cv_header_wbemcli_h=no
ac_cv_host=x86_64-pc-linux-gnu
ac_cv_lib_cap_ng_capng_clear=no
ac_cv_objext=o
ac_cv_path_EGREP='/bin/grep -E'
ac_cv_path_GREP=/bin/grep
ac_cv_path_ac_pt_PKG_CONFIG=/usr/bin/pkg-config
ac_cv_path_install='/usr/bin/install -c'
ac_cv_path_mkdir=/bin/mkdir
ac_cv_prog_AWK=gawk
ac_cv_prog_CXXCPP='g++ -E'
ac_cv_prog_ac_ct_CC=gcc
ac_cv_prog_ac_ct_CXX=g++
ac_cv_prog_cc_c89=
ac_cv_prog_cc_g=yes
ac_cv_prog_cxx_g=yes
ac_cv_prog_make_make_set=yes
ac_cv_type_int64_t=yes
ac_cv_type_uint64_t=yes
am_cv_CCAS_dependencies_compiler_type=gcc3
am_cv_CC_dependencies_compiler_type=gcc3
am_cv_CXX_dependencies_compiler_type=gcc3
am_cv_make_support_nested_variables=yes
am_cv_prog_cc_c_o=yes

## ----------------- ##
## Output variables. ##
## ----------------- ##

ACLOCAL='${SHELL} /home/lousanna/smartmonjson/smartmontools/missing aclocal-1.15'
AMDEPBACKSLASH='\'
AMDEP_FALSE='#'
AMDEP_TRUE=''
AMTAR='$${TAR-tar}'
AM_BACKSLASH='\'
AM_DEFAULT_V='$(AM_DEFAULT_VERBOSITY)'
AM_DEFAULT_VERBOSITY='1'
AM_V='$(V)'
ASFLAGS=''
AUTOCONF='${SHELL} /home/lousanna/smartmonjson/smartmontools/missing autoconf'
AUTOHEADER='${SHELL} /home/lousanna/smartmonjson/smartmontools/missing autoheader'
AUTOMAKE='${SHELL} /home/lousanna/smartmonjson/smartmontools/missing automake-1.15'
AWK='gawk'
CAPNG_LDADD=''
CC='gcc'
CCAS='gcc'
CCASDEPMODE='depmode=gcc3'
CCASFLAGS='-g -O2'
CCDEPMODE='depmode=gcc3'
CFLAGS='-g -O2'
CPPFLAGS=''
CXX='g++'
CXXCPP='g++ -E'
CXXDEPMODE='depmode=gcc3'
CXXFLAGS='-g -O2 -Wall -W -Wformat=2 -fstack-protector-strong'
CYGPATH_W='echo'
DEFS='-DHAVE_CONFIG_H'
DEPDIR='.deps'
DRIVEDB_BRANCH='RELEASE_6_6_DRIVEDB'
ECHO_C=''
ECHO_N='-n'
ECHO_T=''
EGREP='/bin/grep -E'
ENABLE_ATTRIBUTELOG_FALSE=''
ENABLE_ATTRIBUTELOG_TRUE='#'
ENABLE_DRIVEDB_FALSE='#'
ENABLE_DRIVEDB_TRUE=''
ENABLE_SAVESTATES_FALSE=''
ENABLE_SAVESTATES_TRUE='#'
ENABLE_SCRIPTPATH_FALSE='#'
ENABLE_SCRIPTPATH_TRUE=''
ENABLE_UPDATE_SMART_DRIVEDB_FALSE='#'
ENABLE_UPDATE_SMART_DRIVEDB_TRUE=''
EXEEXT=''
GREP='/bin/grep'
INSTALL_DATA='${INSTALL} -m 644'
INSTALL_INITSCRIPT_FALSE=''
INSTALL_INITSCRIPT_TRUE='#'
INSTALL_PROGRAM='${INSTALL}'
INSTALL_SCRIPT='${INSTALL}'
INSTALL_STRIP_PROGRAM='$(install_sh) -c -s'
INSTALL_SYSTEMDUNIT_FALSE='#'
INSTALL_SYSTEMDUNIT_TRUE=''
IS_SVN_BUILD_FALSE='#'
IS_SVN_BUILD_TRUE=''
LDFLAGS=''
LIBOBJS=''
LIBS=''
LTLIBOBJS=''
MAINT='#'
MAINTAINER_MODE_FALSE=''
MAINTAINER_MODE_TRUE='#'
MAKEINFO='${SHELL} /home/lousanna/smartmonjson/smartmontools/missing makeinfo'
MAKENSIS=''
MKDIR_P='/bin/mkdir -p'
NEED_GETOPT_LONG_FALSE=''
NEED_GETOPT_LONG_TRUE='#'
NEED_REGEX_FALSE=''
NEED_REGEX_TRUE='#'
OBJEXT='o'
OS_DARWIN_FALSE=''
OS_DARWIN_TRUE='#'
OS_SOLARIS_FALSE=''
OS_SOLARIS_TRUE='#'
OS_WIN32_FALSE=''
OS_WIN32_MINGW_FALSE=''
OS_WIN32_MINGW_TRUE='#'
OS_WIN32_NSIS_FALSE=''
OS_WIN32_NSIS_TRUE='#'
OS_WIN32_TRUE='#'
OS_WIN64_FALSE=''
OS_WIN64_TRUE='#'
PACKAGE='smartmontools'
PACKAGE_BUGREPORT='smartmontools-support@listi.jpberlin.de'
PACKAGE_NAME='smartmontools'
PACKAGE_STRING='smartmontools 6.6'
PACKAGE_TARNAME='smartmontools'
PACKAGE_URL=''
PACKAGE_VERSION='6.6'
PATH_SEPARATOR=':'
PKG_CONFIG='/usr/bin/pkg-config'
PKG_CONFIG_LIBDIR=''
PKG_CONFIG_PATH=''
SET_MAKE=''
SHELL='/bin/bash'
STRIP=''
VERSION='6.6'
WINDMC=''
WINDRES=''
ac_ct_CC='gcc'
ac_ct_CXX='g++'
am__EXEEXT_FALSE=''
am__EXEEXT_TRUE='#'
am__fastdepCCAS_FALSE='#'
am__fastdepCCAS_TRUE=''
am__fastdepCC_FALSE='#'
am__fastdepCC_TRUE=''
am__fastdepCXX_FALSE='#'
am__fastdepCXX_TRUE=''
am__include='include'
am__isrc=''
am__leading_dot='.'
am__nodep='_no'
am__quote=''
am__tar='$${TAR-tar} chof - "$$tardir"'
am__untar='$${TAR-tar} xf -'
attributelog=''
attributelogdir=''
bindir='${exec_prefix}/bin'
build='x86_64-pc-linux-gnu'
build_alias=''
build_cpu='x86_64'
build_os='linux-gnu'
build_vendor='pc'
datadir='${datarootdir}'
datarootdir='${prefix}/share'
docdir='${datarootdir}/doc/${PACKAGE_TARNAME}'
drivedbdir='${datadir}/${PACKAGE}'
dvidir='${docdir}'
exampledir='${docdir}/examplescripts'
exec_prefix='${prefix}'
gcc_have_attr_packed='yes'
gnupg='gpg'
host='x86_64-pc-linux-gnu'
host_alias=''
host_cpu='x86_64'
host_os='linux-gnu'
host_vendor='pc'
htmldir='${docdir}'
includedir='${prefix}/include'
infodir='${datarootdir}/info'
initddir=''
initdfile='smartd.initd'
install_sh='${SHELL} /home/lousanna/smartmonjson/smartmontools/install-sh'
libdir='${exec_prefix}/lib'
libexecdir='${exec_prefix}/libexec'
localedir='${datarootdir}/locale'
localstatedir='${prefix}/var'
mandir='${datarootdir}/man'
mkdir_p='$(MKDIR_P)'
oldincludedir='/usr/include'
os_deps='os_linux.o cciss.o dev_areca.o'
os_dltools='curl wget lynx svn'
os_dnsdomainname=''\''dnsdomainname'\'' '\''hostname -d'\'''
os_hostname=''\''hostname'\'''
os_libs=''
os_mailer='mail'
os_man_filter='Linux'
os_nisdomainname=''\''nisdomainname'\'' '\''hostname -y'\'' '\''domainname'\'''
os_win32_manifest=''
pdfdir='${docdir}'
prefix='/usr/local'
program_transform_name='s,x,x,'
psdir='${docdir}'
releaseversion='${PACKAGE}-${VERSION}'
runstatedir='${localstatedir}/run'
savestates=''
savestatesdir=''
sbindir='${exec_prefix}/sbin'
scriptpath='/usr/bin:/bin'
sharedstatedir='${prefix}/com'
smartd_suffix=''
smartdplugindir='${smartdscriptdir}/smartd_warning.d'
smartdscriptdir='${sysconfdir}'
smartmontools_release_date='2016-05-07'
smartmontools_release_time='11:17:46 UTC'
svn_deps='${srcdir}/.svn/wc.db'
sysconfdir='${prefix}/etc'
systemdenvfile='${sysconfdir}/default/smartmontools'
systemdsystemunitdir='${prefix}/lib/systemd/system'
target_alias=''
with_nvme_devicescan=''
with_selinux=''
with_update_smart_drivedb='yes'

## ----------- ##
## confdefs.h. ##
## ----------- ##

/* confdefs.h */
#define PACKAGE_NAME "smartmontools"
#define PACKAGE_TARNAME "smartmontools"
#define PACKAGE_VERSION "6.6"
#define PACKAGE_STRING "smartmontools 6.6"
#define PACKAGE_BUGREPORT "smartmontools-support@listi.jpberlin.de"
#define PACKAGE_URL ""
#define PACKAGE "smartmontools"
#define VERSION "6.6"
#define SMARTMONTOOLS_CONFIGURE_ARGS ""
#define SMARTMONTOOLS_RELEASE_DATE "2016-05-07"
#define SMARTMONTOOLS_RELEASE_TIME "11:17:46 UTC"
#define CONFIG_H_CVSID "$Id: configure.ac 4549 2017-10-10 19:09:54Z chrfranke $"
#define PACKAGE_HOMEPAGE "http://www.smartmontools.org/"
#define STDC_HEADERS 1
#define HAVE_SYS_TYPES_H 1
#define HAVE_SYS_STAT_H 1
#define HAVE_STDLIB_H 1
#define HAVE_STRING_H 1
#define HAVE_MEMORY_H 1
#define HAVE_STRINGS_H 1
#define HAVE_INTTYPES_H 1
#define HAVE_STDINT_H 1
#define HAVE_UNISTD_H 1
#define HAVE_LOCALE_H 1
#define HAVE_INTTYPES_H 1
#define HAVE_STDINT_H 1
#define CISS_LOCATION "cissio_freebsd.h"
#define HAVE_LINUX_CCISS_IOCTL_H 1
#define HAVE_INT64_T 1
#define HAVE_UINT64_T 1
#define HAVE_GETOPT_LONG 1
#define HAVE_REGCOMP 1
#define HAVE_SIGSET 1
#define HAVE_STRTOULL 1
#define HAVE_UNAME 1
#define HAVE_CLOCK_GETTIME 1
#define HAVE_FTIME 1
#define HAVE_GETTIMEOFDAY 1
#define HAVE_ATTR_PACKED 1
#define HAVE_WORKING_SNPRINTF 1
#define SMARTMONTOOLS_BUILD_HOST "x86_64-pc-linux-gnu"

configure: exit 0

## ---------------------- ##
## Running config.status. ##
## ---------------------- ##

This file was extended by smartmontools config.status 6.6, which was
generated by GNU Autoconf 2.69.  Invocation command line was

  CONFIG_FILES    = 
  CONFIG_HEADERS  = 
  CONFIG_LINKS    = 
  CONFIG_COMMANDS = 
  $ ./config.status --file=update-smart-drivedb

on ubuntu

config.status:971: creating update-smart-drivedb

## ---------------------- ##
## Running config.status. ##
## ---------------------- ##

This file was extended by smartmontools config.status 6.6, which was
generated by GNU Autoconf 2.69.  Invocation command line was

  CONFIG_FILES    = 
  CONFIG_HEADERS  = 
  CONFIG_LINKS    = 
  CONFIG_COMMANDS = 
  $ ./config.status --file=smartd_warning.sh

on ubuntu

config.status:971: creating smartd_warning.sh
